{"/home/adress/Documents/GitHub/tq/client/src/App.tsx": {"path":"/home/adress/Documents/GitHub/tq/client/src/App.tsx","statementMap":{"0":{"start":{"line":7,"column":17},"end":{"line":7,"column":59}},"1":{"start":{"line":7,"column":28},"end":{"line":7,"column":58}},"2":{"start":{"line":9,"column":15},"end":{"line":9,"column":44}},"3":{"start":{"line":11,"column":19},"end":{"line":11,"column":53}},"4":{"start":{"line":11,"column":25},"end":{"line":11,"column":53}},"5":{"start":{"line":14,"column":41},"end":{"line":16,"column":2}},"6":{"start":{"line":15,"column":29},"end":{"line":15,"column":39}},"7":{"start":{"line":17,"column":28},"end":{"line":17,"column":57}},"8":{"start":{"line":18,"column":17},"end":{"line":18,"column":54}},"9":{"start":{"line":20,"column":1},"end":{"line":23,"column":20}},"10":{"start":{"line":21,"column":2},"end":{"line":22,"column":60}},"11":{"start":{"line":22,"column":3},"end":{"line":22,"column":60}},"12":{"start":{"line":25,"column":1},"end":{"line":40,"column":28}},"13":{"start":{"line":26,"column":2},"end":{"line":39,"column":28}},"14":{"start":{"line":27,"column":3},"end":{"line":27,"column":16}},"15":{"start":{"line":28,"column":3},"end":{"line":38,"column":5}},"16":{"start":{"line":39,"column":9},"end":{"line":39,"column":28}},"17":{"start":{"line":40,"column":8},"end":{"line":40,"column":28}}},"fnMap":{"0":{"name":"(anonymous_0)","decl":{"start":{"line":7,"column":22},"end":{"line":7,"column":23}},"loc":{"start":{"line":7,"column":28},"end":{"line":7,"column":58}},"line":7},"1":{"name":"(anonymous_1)","decl":{"start":{"line":11,"column":19},"end":{"line":11,"column":20}},"loc":{"start":{"line":11,"column":25},"end":{"line":11,"column":53}},"line":11},"2":{"name":"App","decl":{"start":{"line":13,"column":24},"end":{"line":13,"column":27}},"loc":{"start":{"line":13,"column":30},"end":{"line":41,"column":1}},"line":13},"3":{"name":"(anonymous_3)","decl":{"start":{"line":15,"column":2},"end":{"line":15,"column":3}},"loc":{"start":{"line":15,"column":29},"end":{"line":15,"column":39}},"line":15},"4":{"name":"(anonymous_4)","decl":{"start":{"line":20,"column":11},"end":{"line":20,"column":12}},"loc":{"start":{"line":20,"column":17},"end":{"line":23,"column":2}},"line":20}},"branchMap":{"0":{"loc":{"start":{"line":21,"column":2},"end":{"line":22,"column":60}},"type":"if","locations":[{"start":{"line":21,"column":2},"end":{"line":22,"column":60}},{"start":{"line":21,"column":2},"end":{"line":22,"column":60}}],"line":21},"1":{"loc":{"start":{"line":25,"column":1},"end":{"line":40,"column":28}},"type":"if","locations":[{"start":{"line":25,"column":1},"end":{"line":40,"column":28}},{"start":{"line":25,"column":1},"end":{"line":40,"column":28}}],"line":25},"2":{"loc":{"start":{"line":26,"column":2},"end":{"line":39,"column":28}},"type":"if","locations":[{"start":{"line":26,"column":2},"end":{"line":39,"column":28}},{"start":{"line":26,"column":2},"end":{"line":39,"column":28}}],"line":26},"3":{"loc":{"start":{"line":30,"column":6},"end":{"line":36,"column":6}},"type":"cond-expr","locations":[{"start":{"line":31,"column":6},"end":{"line":31,"column":16}},{"start":{"line":32,"column":9},"end":{"line":36,"column":6}}],"line":30},"4":{"loc":{"start":{"line":32,"column":9},"end":{"line":36,"column":6}},"type":"cond-expr","locations":[{"start":{"line":33,"column":6},"end":{"line":33,"column":20}},{"start":{"line":35,"column":6},"end":{"line":35,"column":16}}],"line":32}},"s":{"0":9,"1":0,"2":9,"3":9,"4":32,"5":72,"6":90,"7":72,"8":72,"9":72,"10":18,"11":18,"12":72,"13":72,"14":32,"15":32,"16":40,"17":0},"f":{"0":0,"1":32,"2":72,"3":90,"4":18},"b":{"0":[18,0],"1":[72,0],"2":[32,40],"3":[32,0],"4":[0,0]},"_coverageSchema":"43e27e138ebf9cfc5966b082cf9a028302ed4184","hash":"c4771cc2210cdb43cb133dd7c72bd6af1e47138a"}
,"/home/adress/Documents/GitHub/tq/client/src/Routes.tsx": {"path":"/home/adress/Documents/GitHub/tq/client/src/Routes.tsx","statementMap":{"0":{"start":{"line":6,"column":18},"end":{"line":6,"column":54}},"1":{"start":{"line":6,"column":29},"end":{"line":6,"column":53}},"2":{"start":{"line":7,"column":20},"end":{"line":7,"column":58}},"3":{"start":{"line":7,"column":31},"end":{"line":7,"column":57}},"4":{"start":{"line":8,"column":13},"end":{"line":8,"column":55}},"5":{"start":{"line":8,"column":24},"end":{"line":8,"column":54}},"6":{"start":{"line":9,"column":20},"end":{"line":9,"column":71}},"7":{"start":{"line":9,"column":31},"end":{"line":9,"column":70}},"8":{"start":{"line":10,"column":13},"end":{"line":10,"column":54}},"9":{"start":{"line":10,"column":24},"end":{"line":10,"column":53}},"10":{"start":{"line":11,"column":13},"end":{"line":11,"column":52}},"11":{"start":{"line":11,"column":24},"end":{"line":11,"column":51}},"12":{"start":{"line":12,"column":17},"end":{"line":12,"column":62}},"13":{"start":{"line":12,"column":28},"end":{"line":12,"column":61}},"14":{"start":{"line":13,"column":17},"end":{"line":13,"column":58}},"15":{"start":{"line":13,"column":28},"end":{"line":13,"column":57}},"16":{"start":{"line":14,"column":12},"end":{"line":14,"column":55}},"17":{"start":{"line":14,"column":23},"end":{"line":14,"column":54}},"18":{"start":{"line":15,"column":14},"end":{"line":15,"column":53}},"19":{"start":{"line":15,"column":25},"end":{"line":15,"column":52}},"20":{"start":{"line":16,"column":22},"end":{"line":18,"column":1}},"21":{"start":{"line":17,"column":1},"end":{"line":17,"column":49}},"22":{"start":{"line":21,"column":28},"end":{"line":21,"column":40}},"23":{"start":{"line":23,"column":1},"end":{"line":89,"column":3}},"24":{"start":{"line":31,"column":6},"end":{"line":84,"column":24}}},"fnMap":{"0":{"name":"(anonymous_0)","decl":{"start":{"line":6,"column":23},"end":{"line":6,"column":24}},"loc":{"start":{"line":6,"column":29},"end":{"line":6,"column":53}},"line":6},"1":{"name":"(anonymous_1)","decl":{"start":{"line":7,"column":25},"end":{"line":7,"column":26}},"loc":{"start":{"line":7,"column":31},"end":{"line":7,"column":57}},"line":7},"2":{"name":"(anonymous_2)","decl":{"start":{"line":8,"column":18},"end":{"line":8,"column":19}},"loc":{"start":{"line":8,"column":24},"end":{"line":8,"column":54}},"line":8},"3":{"name":"(anonymous_3)","decl":{"start":{"line":9,"column":25},"end":{"line":9,"column":26}},"loc":{"start":{"line":9,"column":31},"end":{"line":9,"column":70}},"line":9},"4":{"name":"(anonymous_4)","decl":{"start":{"line":10,"column":18},"end":{"line":10,"column":19}},"loc":{"start":{"line":10,"column":24},"end":{"line":10,"column":53}},"line":10},"5":{"name":"(anonymous_5)","decl":{"start":{"line":11,"column":18},"end":{"line":11,"column":19}},"loc":{"start":{"line":11,"column":24},"end":{"line":11,"column":51}},"line":11},"6":{"name":"(anonymous_6)","decl":{"start":{"line":12,"column":22},"end":{"line":12,"column":23}},"loc":{"start":{"line":12,"column":28},"end":{"line":12,"column":61}},"line":12},"7":{"name":"(anonymous_7)","decl":{"start":{"line":13,"column":22},"end":{"line":13,"column":23}},"loc":{"start":{"line":13,"column":28},"end":{"line":13,"column":57}},"line":13},"8":{"name":"(anonymous_8)","decl":{"start":{"line":14,"column":17},"end":{"line":14,"column":18}},"loc":{"start":{"line":14,"column":23},"end":{"line":14,"column":54}},"line":14},"9":{"name":"(anonymous_9)","decl":{"start":{"line":15,"column":19},"end":{"line":15,"column":20}},"loc":{"start":{"line":15,"column":25},"end":{"line":15,"column":52}},"line":15},"10":{"name":"(anonymous_10)","decl":{"start":{"line":16,"column":27},"end":{"line":16,"column":28}},"loc":{"start":{"line":17,"column":1},"end":{"line":17,"column":49}},"line":17},"11":{"name":"Routes","decl":{"start":{"line":20,"column":24},"end":{"line":20,"column":30}},"loc":{"start":{"line":20,"column":33},"end":{"line":90,"column":1}},"line":20},"12":{"name":"(anonymous_12)","decl":{"start":{"line":30,"column":13},"end":{"line":30,"column":14}},"loc":{"start":{"line":31,"column":6},"end":{"line":84,"column":24}},"line":31}},"branchMap":{},"s":{"0":9,"1":0,"2":9,"3":9,"4":9,"5":9,"6":9,"7":0,"8":9,"9":9,"10":9,"11":0,"12":9,"13":0,"14":9,"15":0,"16":9,"17":0,"18":9,"19":0,"20":9,"21":0,"22":32,"23":32,"24":16},"f":{"0":0,"1":9,"2":9,"3":0,"4":9,"5":0,"6":0,"7":0,"8":0,"9":0,"10":0,"11":32,"12":16},"b":{},"_coverageSchema":"43e27e138ebf9cfc5966b082cf9a028302ed4184","hash":"29beada2685a13de318eaa6be55aca939af6ea7b"}
,"/home/adress/Documents/GitHub/tq/client/src/index.tsx": {"path":"/home/adress/Documents/GitHub/tq/client/src/index.tsx","statementMap":{"0":{"start":{"line":12,"column":14},"end":{"line":12,"column":29}},"1":{"start":{"line":14,"column":18},"end":{"line":14,"column":55}},"2":{"start":{"line":16,"column":10},"end":{"line":19,"column":2}},"3":{"start":{"line":20,"column":1},"end":{"line":20,"column":58}},"4":{"start":{"line":23,"column":0},"end":{"line":23,"column":9}},"5":{"start":{"line":24,"column":0},"end":{"line":24,"column":61}},"6":{"start":{"line":25,"column":0},"end":{"line":25,"column":48}},"7":{"start":{"line":27,"column":0},"end":{"line":36,"column":2}},"8":{"start":{"line":41,"column":0},"end":{"line":41,"column":27}}},"fnMap":{"0":{"name":"calcVH","decl":{"start":{"line":15,"column":9},"end":{"line":15,"column":15}},"loc":{"start":{"line":15,"column":18},"end":{"line":21,"column":1}},"line":15}},"branchMap":{"0":{"loc":{"start":{"line":18,"column":2},"end":{"line":18,"column":25}},"type":"binary-expr","locations":[{"start":{"line":18,"column":2},"end":{"line":18,"column":20}},{"start":{"line":18,"column":24},"end":{"line":18,"column":25}}],"line":18}},"s":{"0":9,"1":9,"2":9,"3":9,"4":9,"5":9,"6":9,"7":9,"8":9},"f":{"0":9},"b":{"0":[9,0]},"_coverageSchema":"43e27e138ebf9cfc5966b082cf9a028302ed4184","hash":"880bff496245617666a6d6a6b6324e2f9082cdbf"}
,"/home/adress/Documents/GitHub/tq/client/src/serviceWorker.ts": {"path":"/home/adress/Documents/GitHub/tq/client/src/serviceWorker.ts","statementMap":{"0":{"start":{"line":13,"column":20},"end":{"line":21,"column":1}},"1":{"start":{"line":24,"column":1},"end":{"line":54,"column":2}},"2":{"start":{"line":26,"column":20},"end":{"line":26,"column":73}},"3":{"start":{"line":27,"column":2},"end":{"line":32,"column":3}},"4":{"start":{"line":31,"column":3},"end":{"line":31,"column":9}},"5":{"start":{"line":34,"column":2},"end":{"line":53,"column":4}},"6":{"start":{"line":35,"column":17},"end":{"line":35,"column":62}},"7":{"start":{"line":37,"column":3},"end":{"line":52,"column":4}},"8":{"start":{"line":39,"column":4},"end":{"line":39,"column":42}},"9":{"start":{"line":43,"column":4},"end":{"line":48,"column":6}},"10":{"start":{"line":44,"column":5},"end":{"line":47,"column":6}},"11":{"start":{"line":51,"column":4},"end":{"line":51,"column":34}},"12":{"start":{"line":58,"column":1},"end":{"line":98,"column":4}},"13":{"start":{"line":61,"column":3},"end":{"line":94,"column":4}},"14":{"start":{"line":62,"column":29},"end":{"line":62,"column":52}},"15":{"start":{"line":63,"column":4},"end":{"line":65,"column":5}},"16":{"start":{"line":64,"column":5},"end":{"line":64,"column":11}},"17":{"start":{"line":66,"column":4},"end":{"line":93,"column":5}},"18":{"start":{"line":67,"column":5},"end":{"line":92,"column":6}},"19":{"start":{"line":68,"column":6},"end":{"line":91,"column":7}},"20":{"start":{"line":72,"column":7},"end":{"line":75,"column":8}},"21":{"start":{"line":78,"column":7},"end":{"line":80,"column":8}},"22":{"start":{"line":79,"column":8},"end":{"line":79,"column":37}},"23":{"start":{"line":85,"column":7},"end":{"line":85,"column":56}},"24":{"start":{"line":88,"column":7},"end":{"line":90,"column":8}},"25":{"start":{"line":89,"column":8},"end":{"line":89,"column":38}},"26":{"start":{"line":97,"column":3},"end":{"line":97,"column":68}},"27":{"start":{"line":103,"column":1},"end":{"line":128,"column":4}},"28":{"start":{"line":108,"column":23},"end":{"line":108,"column":59}},"29":{"start":{"line":109,"column":3},"end":{"line":122,"column":4}},"30":{"start":{"line":114,"column":4},"end":{"line":118,"column":6}},"31":{"start":{"line":115,"column":5},"end":{"line":117,"column":7}},"32":{"start":{"line":116,"column":6},"end":{"line":116,"column":30}},"33":{"start":{"line":121,"column":4},"end":{"line":121,"column":34}},"34":{"start":{"line":125,"column":3},"end":{"line":127,"column":4}},"35":{"start":{"line":132,"column":1},"end":{"line":140,"column":2}},"36":{"start":{"line":133,"column":2},"end":{"line":139,"column":5}},"37":{"start":{"line":135,"column":4},"end":{"line":135,"column":29}},"38":{"start":{"line":138,"column":4},"end":{"line":138,"column":32}}},"fnMap":{"0":{"name":"register","decl":{"start":{"line":23,"column":16},"end":{"line":23,"column":24}},"loc":{"start":{"line":23,"column":38},"end":{"line":55,"column":1}},"line":23},"1":{"name":"(anonymous_1)","decl":{"start":{"line":34,"column":34},"end":{"line":34,"column":35}},"loc":{"start":{"line":34,"column":40},"end":{"line":53,"column":3}},"line":34},"2":{"name":"(anonymous_2)","decl":{"start":{"line":43,"column":39},"end":{"line":43,"column":40}},"loc":{"start":{"line":43,"column":45},"end":{"line":48,"column":5}},"line":43},"3":{"name":"registerValidSW","decl":{"start":{"line":57,"column":9},"end":{"line":57,"column":24}},"loc":{"start":{"line":57,"column":50},"end":{"line":99,"column":1}},"line":57},"4":{"name":"(anonymous_4)","decl":{"start":{"line":60,"column":8},"end":{"line":60,"column":9}},"loc":{"start":{"line":60,"column":26},"end":{"line":95,"column":3}},"line":60},"5":{"name":"(anonymous_5)","decl":{"start":{"line":61,"column":32},"end":{"line":61,"column":33}},"loc":{"start":{"line":61,"column":38},"end":{"line":94,"column":4}},"line":61},"6":{"name":"(anonymous_6)","decl":{"start":{"line":66,"column":37},"end":{"line":66,"column":38}},"loc":{"start":{"line":66,"column":43},"end":{"line":93,"column":5}},"line":66},"7":{"name":"(anonymous_7)","decl":{"start":{"line":96,"column":9},"end":{"line":96,"column":10}},"loc":{"start":{"line":96,"column":20},"end":{"line":98,"column":3}},"line":96},"8":{"name":"checkValidServiceWorker","decl":{"start":{"line":101,"column":9},"end":{"line":101,"column":32}},"loc":{"start":{"line":101,"column":58},"end":{"line":129,"column":1}},"line":101},"9":{"name":"(anonymous_9)","decl":{"start":{"line":106,"column":8},"end":{"line":106,"column":9}},"loc":{"start":{"line":106,"column":22},"end":{"line":123,"column":3}},"line":106},"10":{"name":"(anonymous_10)","decl":{"start":{"line":114,"column":39},"end":{"line":114,"column":40}},"loc":{"start":{"line":114,"column":57},"end":{"line":118,"column":5}},"line":114},"11":{"name":"(anonymous_11)","decl":{"start":{"line":115,"column":36},"end":{"line":115,"column":37}},"loc":{"start":{"line":115,"column":42},"end":{"line":117,"column":6}},"line":115},"12":{"name":"(anonymous_12)","decl":{"start":{"line":124,"column":9},"end":{"line":124,"column":10}},"loc":{"start":{"line":124,"column":15},"end":{"line":128,"column":3}},"line":124},"13":{"name":"unregister","decl":{"start":{"line":131,"column":16},"end":{"line":131,"column":26}},"loc":{"start":{"line":131,"column":29},"end":{"line":141,"column":1}},"line":131},"14":{"name":"(anonymous_14)","decl":{"start":{"line":134,"column":9},"end":{"line":134,"column":10}},"loc":{"start":{"line":134,"column":27},"end":{"line":136,"column":4}},"line":134},"15":{"name":"(anonymous_15)","decl":{"start":{"line":137,"column":10},"end":{"line":137,"column":11}},"loc":{"start":{"line":137,"column":21},"end":{"line":139,"column":4}},"line":137}},"branchMap":{"0":{"loc":{"start":{"line":14,"column":1},"end":{"line":20,"column":3}},"type":"binary-expr","locations":[{"start":{"line":14,"column":1},"end":{"line":14,"column":41}},{"start":{"line":16,"column":2},"end":{"line":16,"column":38}},{"start":{"line":18,"column":2},"end":{"line":20,"column":3}}],"line":14},"1":{"loc":{"start":{"line":24,"column":1},"end":{"line":54,"column":2}},"type":"if","locations":[{"start":{"line":24,"column":1},"end":{"line":54,"column":2}},{"start":{"line":24,"column":1},"end":{"line":54,"column":2}}],"line":24},"2":{"loc":{"start":{"line":24,"column":5},"end":{"line":24,"column":74}},"type":"binary-expr","locations":[{"start":{"line":24,"column":5},"end":{"line":24,"column":42}},{"start":{"line":24,"column":46},"end":{"line":24,"column":74}}],"line":24},"3":{"loc":{"start":{"line":27,"column":2},"end":{"line":32,"column":3}},"type":"if","locations":[{"start":{"line":27,"column":2},"end":{"line":32,"column":3}},{"start":{"line":27,"column":2},"end":{"line":32,"column":3}}],"line":27},"4":{"loc":{"start":{"line":37,"column":3},"end":{"line":52,"column":4}},"type":"if","locations":[{"start":{"line":37,"column":3},"end":{"line":52,"column":4}},{"start":{"line":37,"column":3},"end":{"line":52,"column":4}}],"line":37},"5":{"loc":{"start":{"line":63,"column":4},"end":{"line":65,"column":5}},"type":"if","locations":[{"start":{"line":63,"column":4},"end":{"line":65,"column":5}},{"start":{"line":63,"column":4},"end":{"line":65,"column":5}}],"line":63},"6":{"loc":{"start":{"line":67,"column":5},"end":{"line":92,"column":6}},"type":"if","locations":[{"start":{"line":67,"column":5},"end":{"line":92,"column":6}},{"start":{"line":67,"column":5},"end":{"line":92,"column":6}}],"line":67},"7":{"loc":{"start":{"line":68,"column":6},"end":{"line":91,"column":7}},"type":"if","locations":[{"start":{"line":68,"column":6},"end":{"line":91,"column":7}},{"start":{"line":68,"column":6},"end":{"line":91,"column":7}}],"line":68},"8":{"loc":{"start":{"line":78,"column":7},"end":{"line":80,"column":8}},"type":"if","locations":[{"start":{"line":78,"column":7},"end":{"line":80,"column":8}},{"start":{"line":78,"column":7},"end":{"line":80,"column":8}}],"line":78},"9":{"loc":{"start":{"line":78,"column":11},"end":{"line":78,"column":36}},"type":"binary-expr","locations":[{"start":{"line":78,"column":11},"end":{"line":78,"column":17}},{"start":{"line":78,"column":21},"end":{"line":78,"column":36}}],"line":78},"10":{"loc":{"start":{"line":88,"column":7},"end":{"line":90,"column":8}},"type":"if","locations":[{"start":{"line":88,"column":7},"end":{"line":90,"column":8}},{"start":{"line":88,"column":7},"end":{"line":90,"column":8}}],"line":88},"11":{"loc":{"start":{"line":88,"column":11},"end":{"line":88,"column":37}},"type":"binary-expr","locations":[{"start":{"line":88,"column":11},"end":{"line":88,"column":17}},{"start":{"line":88,"column":21},"end":{"line":88,"column":37}}],"line":88},"12":{"loc":{"start":{"line":109,"column":3},"end":{"line":122,"column":4}},"type":"if","locations":[{"start":{"line":109,"column":3},"end":{"line":122,"column":4}},{"start":{"line":109,"column":3},"end":{"line":122,"column":4}}],"line":109},"13":{"loc":{"start":{"line":110,"column":4},"end":{"line":111,"column":69}},"type":"binary-expr","locations":[{"start":{"line":110,"column":4},"end":{"line":110,"column":27}},{"start":{"line":111,"column":5},"end":{"line":111,"column":24}},{"start":{"line":111,"column":28},"end":{"line":111,"column":68}}],"line":110},"14":{"loc":{"start":{"line":132,"column":1},"end":{"line":140,"column":2}},"type":"if","locations":[{"start":{"line":132,"column":1},"end":{"line":140,"column":2}},{"start":{"line":132,"column":1},"end":{"line":140,"column":2}}],"line":132}},"s":{"0":9,"1":0,"2":0,"3":0,"4":0,"5":0,"6":0,"7":0,"8":0,"9":0,"10":0,"11":0,"12":0,"13":0,"14":0,"15":0,"16":0,"17":0,"18":0,"19":0,"20":0,"21":0,"22":0,"23":0,"24":0,"25":0,"26":0,"27":0,"28":0,"29":0,"30":0,"31":0,"32":0,"33":0,"34":0,"35":9,"36":9,"37":0,"38":0},"f":{"0":0,"1":0,"2":0,"3":0,"4":0,"5":0,"6":0,"7":0,"8":0,"9":0,"10":0,"11":0,"12":0,"13":9,"14":0,"15":0},"b":{"0":[9,0,0],"1":[0,0],"2":[0,0],"3":[0,0],"4":[0,0],"5":[0,0],"6":[0,0],"7":[0,0],"8":[0,0],"9":[0,0],"10":[0,0],"11":[0,0],"12":[0,0],"13":[0,0,0],"14":[9,0]},"_coverageSchema":"43e27e138ebf9cfc5966b082cf9a028302ed4184","hash":"c722aa18e022fa7a78269467e7c98214d5001d6a"}
,"/home/adress/Documents/GitHub/tq/client/src/HOCs/UnauthRoute.tsx": {"path":"/home/adress/Documents/GitHub/tq/client/src/HOCs/UnauthRoute.tsx","statementMap":{"0":{"start":{"line":10,"column":5},"end":{"line":10,"column":50}},"1":{"start":{"line":10,"column":44},"end":{"line":10,"column":49}},"2":{"start":{"line":12,"column":1},"end":{"line":31,"column":3}},"3":{"start":{"line":18,"column":5},"end":{"line":27,"column":6}}},"fnMap":{"0":{"name":"(anonymous_0)","decl":{"start":{"line":7,"column":15},"end":{"line":7,"column":16}},"loc":{"start":{"line":7,"column":72},"end":{"line":32,"column":1}},"line":7},"1":{"name":"(anonymous_1)","decl":{"start":{"line":10,"column":17},"end":{"line":10,"column":18}},"loc":{"start":{"line":10,"column":44},"end":{"line":10,"column":49}},"line":10},"2":{"name":"(anonymous_2)","decl":{"start":{"line":17,"column":12},"end":{"line":17,"column":13}},"loc":{"start":{"line":18,"column":5},"end":{"line":27,"column":6}},"line":18}},"branchMap":{"0":{"loc":{"start":{"line":14,"column":4},"end":{"line":14,"column":27}},"type":"binary-expr","locations":[{"start":{"line":14,"column":4},"end":{"line":14,"column":13}},{"start":{"line":14,"column":17},"end":{"line":14,"column":27}}],"line":14},"1":{"loc":{"start":{"line":18,"column":5},"end":{"line":27,"column":6}},"type":"cond-expr","locations":[{"start":{"line":19,"column":6},"end":{"line":24,"column":8}},{"start":{"line":26,"column":6},"end":{"line":26,"column":19}}],"line":18}},"s":{"0":18,"1":27,"2":18,"3":9},"f":{"0":18,"1":27,"2":9},"b":{"0":[18,0],"1":[0,9]},"_coverageSchema":"43e27e138ebf9cfc5966b082cf9a028302ed4184","hash":"20fdb0cad0d537f6f2ec2929a09ab5a6a463616a"}
,"/home/adress/Documents/GitHub/tq/client/src/components/authModal/AuthModal.tsx": {"path":"/home/adress/Documents/GitHub/tq/client/src/components/authModal/AuthModal.tsx","statementMap":{"0":{"start":{"line":26,"column":29},"end":{"line":26,"column":41}},"1":{"start":{"line":27,"column":35},"end":{"line":27,"column":49}},"2":{"start":{"line":28,"column":49},"end":{"line":28,"column":64}},"3":{"start":{"line":30,"column":29},"end":{"line":30,"column":63}},"4":{"start":{"line":31,"column":28},"end":{"line":31,"column":56}},"5":{"start":{"line":33,"column":18},"end":{"line":33,"column":31}},"6":{"start":{"line":35,"column":28},"end":{"line":38,"column":2}},"7":{"start":{"line":36,"column":24},"end":{"line":36,"column":50}},"8":{"start":{"line":37,"column":2},"end":{"line":37,"column":69}},"9":{"start":{"line":37,"column":51},"end":{"line":37,"column":69}},"10":{"start":{"line":40,"column":28},"end":{"line":49,"column":2}},"11":{"start":{"line":41,"column":33},"end":{"line":41,"column":60}},"12":{"start":{"line":42,"column":2},"end":{"line":47,"column":3}},"13":{"start":{"line":43,"column":3},"end":{"line":43,"column":64}},"14":{"start":{"line":44,"column":3},"end":{"line":46,"column":4}},"15":{"start":{"line":45,"column":4},"end":{"line":45,"column":68}},"16":{"start":{"line":48,"column":2},"end":{"line":48,"column":26}},"17":{"start":{"line":51,"column":26},"end":{"line":66,"column":2}},"18":{"start":{"line":52,"column":2},"end":{"line":65,"column":3}},"19":{"start":{"line":53,"column":15},"end":{"line":55,"column":5}},"20":{"start":{"line":57,"column":3},"end":{"line":64,"column":4}},"21":{"start":{"line":58,"column":4},"end":{"line":58,"column":40}},"22":{"start":{"line":60,"column":4},"end":{"line":60,"column":17}},"23":{"start":{"line":61,"column":4},"end":{"line":61,"column":20}},"24":{"start":{"line":62,"column":4},"end":{"line":62,"column":22}},"25":{"start":{"line":63,"column":4},"end":{"line":63,"column":33}},"26":{"start":{"line":68,"column":28},"end":{"line":85,"column":2}},"27":{"start":{"line":69,"column":38},"end":{"line":69,"column":46}},"28":{"start":{"line":70,"column":2},"end":{"line":84,"column":3}},"29":{"start":{"line":71,"column":15},"end":{"line":74,"column":5}},"30":{"start":{"line":76,"column":3},"end":{"line":83,"column":4}},"31":{"start":{"line":77,"column":4},"end":{"line":77,"column":40}},"32":{"start":{"line":79,"column":4},"end":{"line":79,"column":17}},"33":{"start":{"line":80,"column":4},"end":{"line":80,"column":20}},"34":{"start":{"line":81,"column":4},"end":{"line":81,"column":22}},"35":{"start":{"line":82,"column":4},"end":{"line":82,"column":33}},"36":{"start":{"line":87,"column":1},"end":{"line":232,"column":2}},"37":{"start":{"line":144,"column":14},"end":{"line":163,"column":23}},"38":{"start":{"line":166,"column":14},"end":{"line":166,"column":58}},"39":{"start":{"line":176,"column":14},"end":{"line":194,"column":23}},"40":{"start":{"line":241,"column":28},"end":{"line":241,"column":79}},"41":{"start":{"line":243,"column":21},"end":{"line":246,"column":2}},"42":{"start":{"line":244,"column":2},"end":{"line":244,"column":20}},"43":{"start":{"line":245,"column":2},"end":{"line":245,"column":28}},"44":{"start":{"line":248,"column":1},"end":{"line":260,"column":2}}},"fnMap":{"0":{"name":"AuthModal","decl":{"start":{"line":18,"column":24},"end":{"line":18,"column":33}},"loc":{"start":{"line":25,"column":51},"end":{"line":233,"column":1}},"line":25},"1":{"name":"(anonymous_1)","decl":{"start":{"line":35,"column":28},"end":{"line":35,"column":29}},"loc":{"start":{"line":35,"column":69},"end":{"line":38,"column":2}},"line":35},"2":{"name":"(anonymous_2)","decl":{"start":{"line":40,"column":28},"end":{"line":40,"column":29}},"loc":{"start":{"line":40,"column":34},"end":{"line":49,"column":2}},"line":40},"3":{"name":"(anonymous_3)","decl":{"start":{"line":44,"column":43},"end":{"line":44,"column":44}},"loc":{"start":{"line":44,"column":49},"end":{"line":46,"column":4}},"line":44},"4":{"name":"(anonymous_4)","decl":{"start":{"line":51,"column":26},"end":{"line":51,"column":27}},"loc":{"start":{"line":51,"column":67},"end":{"line":66,"column":2}},"line":51},"5":{"name":"(anonymous_5)","decl":{"start":{"line":68,"column":28},"end":{"line":68,"column":29}},"loc":{"start":{"line":68,"column":72},"end":{"line":85,"column":2}},"line":68},"6":{"name":"(anonymous_6)","decl":{"start":{"line":143,"column":21},"end":{"line":143,"column":22}},"loc":{"start":{"line":144,"column":14},"end":{"line":163,"column":23}},"line":144},"7":{"name":"(anonymous_7)","decl":{"start":{"line":165,"column":24},"end":{"line":165,"column":25}},"loc":{"start":{"line":166,"column":14},"end":{"line":166,"column":58}},"line":166},"8":{"name":"(anonymous_8)","decl":{"start":{"line":175,"column":21},"end":{"line":175,"column":22}},"loc":{"start":{"line":176,"column":14},"end":{"line":194,"column":23}},"line":176},"9":{"name":"Signedup","decl":{"start":{"line":235,"column":9},"end":{"line":235,"column":17}},"loc":{"start":{"line":240,"column":44},"end":{"line":261,"column":1}},"line":240},"10":{"name":"(anonymous_10)","decl":{"start":{"line":243,"column":21},"end":{"line":243,"column":22}},"loc":{"start":{"line":243,"column":27},"end":{"line":246,"column":2}},"line":243}},"branchMap":{"0":{"loc":{"start":{"line":37,"column":2},"end":{"line":37,"column":69}},"type":"if","locations":[{"start":{"line":37,"column":2},"end":{"line":37,"column":69}},{"start":{"line":37,"column":2},"end":{"line":37,"column":69}}],"line":37},"1":{"loc":{"start":{"line":37,"column":6},"end":{"line":37,"column":49}},"type":"binary-expr","locations":[{"start":{"line":37,"column":6},"end":{"line":37,"column":36}},{"start":{"line":37,"column":40},"end":{"line":37,"column":49}}],"line":37},"2":{"loc":{"start":{"line":42,"column":2},"end":{"line":47,"column":3}},"type":"if","locations":[{"start":{"line":42,"column":2},"end":{"line":47,"column":3}},{"start":{"line":42,"column":2},"end":{"line":47,"column":3}}],"line":42},"3":{"loc":{"start":{"line":52,"column":2},"end":{"line":65,"column":3}},"type":"if","locations":[{"start":{"line":52,"column":2},"end":{"line":65,"column":3}},{"start":{"line":52,"column":2},"end":{"line":65,"column":3}}],"line":52},"4":{"loc":{"start":{"line":57,"column":3},"end":{"line":64,"column":4}},"type":"if","locations":[{"start":{"line":57,"column":3},"end":{"line":64,"column":4}},{"start":{"line":57,"column":3},"end":{"line":64,"column":4}}],"line":57},"5":{"loc":{"start":{"line":70,"column":2},"end":{"line":84,"column":3}},"type":"if","locations":[{"start":{"line":70,"column":2},"end":{"line":84,"column":3}},{"start":{"line":70,"column":2},"end":{"line":84,"column":3}}],"line":70},"6":{"loc":{"start":{"line":76,"column":3},"end":{"line":83,"column":4}},"type":"if","locations":[{"start":{"line":76,"column":3},"end":{"line":83,"column":4}},{"start":{"line":76,"column":3},"end":{"line":83,"column":4}}],"line":76},"7":{"loc":{"start":{"line":89,"column":4},"end":{"line":230,"column":4}},"type":"binary-expr","locations":[{"start":{"line":89,"column":4},"end":{"line":89,"column":10}},{"start":{"line":90,"column":4},"end":{"line":229,"column":10}}],"line":89},"8":{"loc":{"start":{"line":92,"column":27},"end":{"line":92,"column":49}},"type":"cond-expr","locations":[{"start":{"line":92,"column":36},"end":{"line":92,"column":44}},{"start":{"line":92,"column":47},"end":{"line":92,"column":49}}],"line":92},"9":{"loc":{"start":{"line":98,"column":15},"end":{"line":98,"column":44}},"type":"cond-expr","locations":[{"start":{"line":98,"column":27},"end":{"line":98,"column":34}},{"start":{"line":98,"column":37},"end":{"line":98,"column":44}}],"line":98},"10":{"loc":{"start":{"line":100,"column":41},"end":{"line":100,"column":91}},"type":"cond-expr","locations":[{"start":{"line":100,"column":53},"end":{"line":100,"column":70}},{"start":{"line":100,"column":73},"end":{"line":100,"column":91}}],"line":100},"11":{"loc":{"start":{"line":102,"column":7},"end":{"line":227,"column":7}},"type":"cond-expr","locations":[{"start":{"line":103,"column":7},"end":{"line":221,"column":13}},{"start":{"line":223,"column":7},"end":{"line":226,"column":9}}],"line":102},"12":{"loc":{"start":{"line":105,"column":26},"end":{"line":105,"column":68}},"type":"cond-expr","locations":[{"start":{"line":105,"column":38},"end":{"line":105,"column":51}},{"start":{"line":105,"column":54},"end":{"line":105,"column":68}}],"line":105},"13":{"loc":{"start":{"line":107,"column":10},"end":{"line":116,"column":10}},"type":"cond-expr","locations":[{"start":{"line":108,"column":10},"end":{"line":108,"column":32}},{"start":{"line":110,"column":10},"end":{"line":115,"column":13}}],"line":107},"14":{"loc":{"start":{"line":111,"column":12},"end":{"line":113,"column":45}},"type":"cond-expr","locations":[{"start":{"line":112,"column":14},"end":{"line":112,"column":37}},{"start":{"line":113,"column":14},"end":{"line":113,"column":45}}],"line":111},"15":{"loc":{"start":{"line":120,"column":11},"end":{"line":133,"column":11}},"type":"cond-expr","locations":[{"start":{"line":121,"column":11},"end":{"line":126,"column":13}},{"start":{"line":128,"column":11},"end":{"line":132,"column":13}}],"line":120},"16":{"loc":{"start":{"line":153,"column":17},"end":{"line":161,"column":20}},"type":"cond-expr","locations":[{"start":{"line":154,"column":19},"end":{"line":157,"column":20}},{"start":{"line":158,"column":19},"end":{"line":161,"column":20}}],"line":153},"17":{"loc":{"start":{"line":184,"column":17},"end":{"line":192,"column":20}},"type":"cond-expr","locations":[{"start":{"line":185,"column":19},"end":{"line":188,"column":20}},{"start":{"line":189,"column":19},"end":{"line":192,"column":20}}],"line":184},"18":{"loc":{"start":{"line":204,"column":11},"end":{"line":208,"column":17}},"type":"cond-expr","locations":[{"start":{"line":205,"column":14},"end":{"line":205,"column":20}},{"start":{"line":206,"column":14},"end":{"line":208,"column":17}}],"line":204},"19":{"loc":{"start":{"line":204,"column":11},"end":{"line":204,"column":33}},"type":"binary-expr","locations":[{"start":{"line":204,"column":11},"end":{"line":204,"column":20}},{"start":{"line":204,"column":24},"end":{"line":204,"column":33}}],"line":204},"20":{"loc":{"start":{"line":206,"column":14},"end":{"line":208,"column":17}},"type":"cond-expr","locations":[{"start":{"line":207,"column":14},"end":{"line":207,"column":20}},{"start":{"line":208,"column":14},"end":{"line":208,"column":17}}],"line":206},"21":{"loc":{"start":{"line":206,"column":14},"end":{"line":206,"column":37}},"type":"binary-expr","locations":[{"start":{"line":206,"column":14},"end":{"line":206,"column":23}},{"start":{"line":206,"column":27},"end":{"line":206,"column":37}}],"line":206},"22":{"loc":{"start":{"line":211,"column":10},"end":{"line":213,"column":36}},"type":"cond-expr","locations":[{"start":{"line":212,"column":12},"end":{"line":212,"column":35}},{"start":{"line":213,"column":12},"end":{"line":213,"column":36}}],"line":211},"23":{"loc":{"start":{"line":216,"column":11},"end":{"line":218,"column":43}},"type":"cond-expr","locations":[{"start":{"line":217,"column":13},"end":{"line":217,"column":44}},{"start":{"line":218,"column":13},"end":{"line":218,"column":43}}],"line":216}},"s":{"0":24,"1":24,"2":24,"3":24,"4":24,"5":24,"6":24,"7":0,"8":0,"9":0,"10":24,"11":0,"12":0,"13":0,"14":0,"15":0,"16":0,"17":24,"18":0,"19":0,"20":0,"21":0,"22":0,"23":0,"24":0,"25":0,"26":24,"27":0,"28":0,"29":0,"30":0,"31":0,"32":0,"33":0,"34":0,"35":0,"36":24,"37":0,"38":0,"39":0,"40":0,"41":0,"42":0,"43":0,"44":0},"f":{"0":24,"1":0,"2":0,"3":0,"4":0,"5":0,"6":0,"7":0,"8":0,"9":0,"10":0},"b":{"0":[0,0],"1":[0,0],"2":[0,0],"3":[0,0],"4":[0,0],"5":[0,0],"6":[0,0],"7":[24,0],"8":[0,0],"9":[0,0],"10":[0,0],"11":[0,0],"12":[0,0],"13":[0,0],"14":[0,0],"15":[0,0],"16":[0,0],"17":[0,0],"18":[0,0],"19":[0,0],"20":[0,0],"21":[0,0],"22":[0,0],"23":[0,0]},"_coverageSchema":"43e27e138ebf9cfc5966b082cf9a028302ed4184","hash":"e2bcfcffc86994a4e25db20b8a3cfaf6af48c4d4"}
,"/home/adress/Documents/GitHub/tq/client/src/components/authModal/login/Login.tsx": {"path":"/home/adress/Documents/GitHub/tq/client/src/components/authModal/login/Login.tsx","statementMap":{"0":{"start":{"line":21,"column":5},"end":{"line":21,"column":39}},"1":{"start":{"line":23,"column":29},"end":{"line":26,"column":3}},"2":{"start":{"line":28,"column":19},"end":{"line":28,"column":47}},"3":{"start":{"line":30,"column":18},"end":{"line":30,"column":31}},"4":{"start":{"line":32,"column":31},"end":{"line":38,"column":5}},"5":{"start":{"line":33,"column":30},"end":{"line":33,"column":48}},"6":{"start":{"line":34,"column":8},"end":{"line":34,"column":59}},"7":{"start":{"line":35,"column":8},"end":{"line":37,"column":9}},"8":{"start":{"line":36,"column":12},"end":{"line":36,"column":71}},"9":{"start":{"line":40,"column":27},"end":{"line":43,"column":2}},"10":{"start":{"line":41,"column":24},"end":{"line":41,"column":52}},"11":{"start":{"line":42,"column":2},"end":{"line":42,"column":67}},"12":{"start":{"line":45,"column":26},"end":{"line":77,"column":2}},"13":{"start":{"line":46,"column":2},"end":{"line":46,"column":20}},"14":{"start":{"line":47,"column":2},"end":{"line":76,"column":3}},"15":{"start":{"line":48,"column":3},"end":{"line":55,"column":4}},"16":{"start":{"line":49,"column":4},"end":{"line":54,"column":5}},"17":{"start":{"line":50,"column":20},"end":{"line":50,"column":56}},"18":{"start":{"line":51,"column":14},"end":{"line":51,"column":35}},"19":{"start":{"line":53,"column":5},"end":{"line":53,"column":11}},"20":{"start":{"line":56,"column":15},"end":{"line":59,"column":4}},"21":{"start":{"line":61,"column":3},"end":{"line":71,"column":13}},"22":{"start":{"line":62,"column":16},"end":{"line":62,"column":51}},"23":{"start":{"line":64,"column":10},"end":{"line":71,"column":13}},"24":{"start":{"line":65,"column":4},"end":{"line":65,"column":40}},"25":{"start":{"line":67,"column":4},"end":{"line":67,"column":17}},"26":{"start":{"line":68,"column":4},"end":{"line":68,"column":27}},"27":{"start":{"line":69,"column":4},"end":{"line":69,"column":22}},"28":{"start":{"line":70,"column":4},"end":{"line":70,"column":33}},"29":{"start":{"line":72,"column":12},"end":{"line":72,"column":33}},"30":{"start":{"line":75,"column":3},"end":{"line":75,"column":23}},"31":{"start":{"line":79,"column":30},"end":{"line":82,"column":2}},"32":{"start":{"line":80,"column":2},"end":{"line":80,"column":25}},"33":{"start":{"line":81,"column":2},"end":{"line":81,"column":15}},"34":{"start":{"line":84,"column":1},"end":{"line":128,"column":2}}},"fnMap":{"0":{"name":"Login","decl":{"start":{"line":11,"column":24},"end":{"line":11,"column":29}},"loc":{"start":{"line":18,"column":59},"end":{"line":129,"column":1}},"line":18},"1":{"name":"(anonymous_1)","decl":{"start":{"line":32,"column":31},"end":{"line":32,"column":32}},"loc":{"start":{"line":32,"column":37},"end":{"line":38,"column":5}},"line":32},"2":{"name":"(anonymous_2)","decl":{"start":{"line":35,"column":39},"end":{"line":35,"column":40}},"loc":{"start":{"line":35,"column":45},"end":{"line":37,"column":9}},"line":35},"3":{"name":"(anonymous_3)","decl":{"start":{"line":40,"column":27},"end":{"line":40,"column":28}},"loc":{"start":{"line":40,"column":71},"end":{"line":43,"column":2}},"line":40},"4":{"name":"(anonymous_4)","decl":{"start":{"line":45,"column":26},"end":{"line":45,"column":27}},"loc":{"start":{"line":45,"column":56},"end":{"line":77,"column":2}},"line":45},"5":{"name":"(anonymous_5)","decl":{"start":{"line":79,"column":30},"end":{"line":79,"column":31}},"loc":{"start":{"line":79,"column":36},"end":{"line":82,"column":2}},"line":79}},"branchMap":{"0":{"loc":{"start":{"line":49,"column":4},"end":{"line":54,"column":5}},"type":"if","locations":[{"start":{"line":49,"column":4},"end":{"line":54,"column":5}},{"start":{"line":49,"column":4},"end":{"line":54,"column":5}}],"line":49},"1":{"loc":{"start":{"line":61,"column":3},"end":{"line":71,"column":13}},"type":"if","locations":[{"start":{"line":61,"column":3},"end":{"line":71,"column":13}},{"start":{"line":61,"column":3},"end":{"line":71,"column":13}}],"line":61},"2":{"loc":{"start":{"line":64,"column":10},"end":{"line":71,"column":13}},"type":"if","locations":[{"start":{"line":64,"column":10},"end":{"line":71,"column":13}},{"start":{"line":64,"column":10},"end":{"line":71,"column":13}}],"line":64}},"s":{"0":0,"1":0,"2":0,"3":0,"4":0,"5":0,"6":0,"7":0,"8":0,"9":0,"10":0,"11":0,"12":0,"13":0,"14":0,"15":0,"16":0,"17":0,"18":0,"19":0,"20":0,"21":0,"22":0,"23":0,"24":0,"25":0,"26":0,"27":0,"28":0,"29":0,"30":0,"31":0,"32":0,"33":0,"34":0},"f":{"0":0,"1":0,"2":0,"3":0,"4":0,"5":0},"b":{"0":[0,0],"1":[0,0],"2":[0,0]},"_coverageSchema":"43e27e138ebf9cfc5966b082cf9a028302ed4184","hash":"f339a1e3fe7b2a70798ff152d3c72cb1f4866895"}
,"/home/adress/Documents/GitHub/tq/client/src/components/authModal/signup/Signup.tsx": {"path":"/home/adress/Documents/GitHub/tq/client/src/components/authModal/signup/Signup.tsx","statementMap":{"0":{"start":{"line":24,"column":29},"end":{"line":56,"column":3}},"1":{"start":{"line":57,"column":45},"end":{"line":57,"column":57}},"2":{"start":{"line":58,"column":26},"end":{"line":58,"column":70}},"3":{"start":{"line":59,"column":19},"end":{"line":59,"column":50}},"4":{"start":{"line":61,"column":17},"end":{"line":64,"column":2}},"5":{"start":{"line":62,"column":16},"end":{"line":62,"column":167}},"6":{"start":{"line":63,"column":2},"end":{"line":63,"column":49}},"7":{"start":{"line":66,"column":21},"end":{"line":75,"column":2}},"8":{"start":{"line":68,"column":19},"end":{"line":68,"column":44}},"9":{"start":{"line":70,"column":16},"end":{"line":70,"column":21}},"10":{"start":{"line":72,"column":2},"end":{"line":72,"column":57}},"11":{"start":{"line":72,"column":43},"end":{"line":72,"column":57}},"12":{"start":{"line":73,"column":2},"end":{"line":73,"column":41}},"13":{"start":{"line":73,"column":27},"end":{"line":73,"column":41}},"14":{"start":{"line":74,"column":2},"end":{"line":74,"column":16}},"15":{"start":{"line":77,"column":22},"end":{"line":86,"column":2}},"16":{"start":{"line":78,"column":24},"end":{"line":78,"column":40}},"17":{"start":{"line":80,"column":16},"end":{"line":80,"column":21}},"18":{"start":{"line":82,"column":2},"end":{"line":82,"column":41}},"19":{"start":{"line":82,"column":27},"end":{"line":82,"column":41}},"20":{"start":{"line":83,"column":2},"end":{"line":83,"column":51}},"21":{"start":{"line":83,"column":37},"end":{"line":83,"column":51}},"22":{"start":{"line":85,"column":2},"end":{"line":85,"column":16}},"23":{"start":{"line":88,"column":27},"end":{"line":136,"column":2}},"24":{"start":{"line":89,"column":24},"end":{"line":89,"column":52}},"25":{"start":{"line":90,"column":14},"end":{"line":90,"column":33}},"26":{"start":{"line":91,"column":13},"end":{"line":91,"column":29}},"27":{"start":{"line":93,"column":2},"end":{"line":93,"column":52}},"28":{"start":{"line":94,"column":2},"end":{"line":135,"column":3}},"29":{"start":{"line":95,"column":3},"end":{"line":98,"column":6}},"30":{"start":{"line":95,"column":26},"end":{"line":98,"column":4}},"31":{"start":{"line":99,"column":3},"end":{"line":124,"column":10}},"32":{"start":{"line":100,"column":20},"end":{"line":100,"column":24}},"33":{"start":{"line":101,"column":4},"end":{"line":114,"column":5}},"34":{"start":{"line":103,"column":6},"end":{"line":103,"column":41}},"35":{"start":{"line":104,"column":6},"end":{"line":104,"column":11}},"36":{"start":{"line":106,"column":6},"end":{"line":106,"column":30}},"37":{"start":{"line":107,"column":6},"end":{"line":107,"column":11}},"38":{"start":{"line":109,"column":6},"end":{"line":109,"column":34}},"39":{"start":{"line":110,"column":6},"end":{"line":110,"column":11}},"40":{"start":{"line":112,"column":6},"end":{"line":112,"column":43}},"41":{"start":{"line":113,"column":6},"end":{"line":113,"column":11}},"42":{"start":{"line":115,"column":4},"end":{"line":115,"column":64}},"43":{"start":{"line":116,"column":4},"end":{"line":123,"column":7}},"44":{"start":{"line":116,"column":27},"end":{"line":123,"column":5}},"45":{"start":{"line":126,"column":3},"end":{"line":134,"column":6}},"46":{"start":{"line":126,"column":26},"end":{"line":134,"column":4}},"47":{"start":{"line":138,"column":1},"end":{"line":140,"column":3}},"48":{"start":{"line":139,"column":2},"end":{"line":139,"column":60}},"49":{"start":{"line":142,"column":32},"end":{"line":150,"column":2}},"50":{"start":{"line":143,"column":20},"end":{"line":143,"column":21}},"51":{"start":{"line":144,"column":2},"end":{"line":148,"column":3}},"52":{"start":{"line":145,"column":3},"end":{"line":147,"column":4}},"53":{"start":{"line":146,"column":4},"end":{"line":146,"column":17}},"54":{"start":{"line":149,"column":2},"end":{"line":149,"column":20}},"55":{"start":{"line":152,"column":26},"end":{"line":167,"column":2}},"56":{"start":{"line":153,"column":2},"end":{"line":153,"column":20}},"57":{"start":{"line":154,"column":2},"end":{"line":154,"column":42}},"58":{"start":{"line":154,"column":36},"end":{"line":154,"column":42}},"59":{"start":{"line":155,"column":2},"end":{"line":166,"column":3}},"60":{"start":{"line":156,"column":45},"end":{"line":156,"column":47}},"61":{"start":{"line":157,"column":3},"end":{"line":159,"column":4}},"62":{"start":{"line":158,"column":4},"end":{"line":158,"column":31}},"63":{"start":{"line":160,"column":15},"end":{"line":160,"column":53}},"64":{"start":{"line":161,"column":18},"end":{"line":161,"column":26}},"65":{"start":{"line":162,"column":3},"end":{"line":162,"column":37}},"66":{"start":{"line":163,"column":3},"end":{"line":163,"column":30}},"67":{"start":{"line":165,"column":3},"end":{"line":165,"column":23}},"68":{"start":{"line":169,"column":26},"end":{"line":171,"column":2}},"69":{"start":{"line":170,"column":2},"end":{"line":170,"column":32}},"70":{"start":{"line":173,"column":30},"end":{"line":175,"column":2}},"71":{"start":{"line":174,"column":2},"end":{"line":174,"column":25}},"72":{"start":{"line":177,"column":1},"end":{"line":289,"column":2}},"73":{"start":{"line":293,"column":23},"end":{"line":293,"column":35}},"74":{"start":{"line":295,"column":31},"end":{"line":297,"column":30}},"75":{"start":{"line":299,"column":22},"end":{"line":312,"column":20}},"76":{"start":{"line":300,"column":2},"end":{"line":311,"column":3}},"77":{"start":{"line":302,"column":4},"end":{"line":302,"column":34}},"78":{"start":{"line":304,"column":4},"end":{"line":304,"column":31}},"79":{"start":{"line":306,"column":4},"end":{"line":306,"column":29}},"80":{"start":{"line":308,"column":4},"end":{"line":308,"column":30}},"81":{"start":{"line":310,"column":4},"end":{"line":310,"column":13}},"82":{"start":{"line":314,"column":1},"end":{"line":316,"column":19}},"83":{"start":{"line":315,"column":2},"end":{"line":315,"column":24}},"84":{"start":{"line":318,"column":1},"end":{"line":318,"column":52}}},"fnMap":{"0":{"name":"Signup","decl":{"start":{"line":17,"column":24},"end":{"line":17,"column":30}},"loc":{"start":{"line":23,"column":73},"end":{"line":290,"column":1}},"line":23},"1":{"name":"(anonymous_1)","decl":{"start":{"line":61,"column":17},"end":{"line":61,"column":18}},"loc":{"start":{"line":61,"column":36},"end":{"line":64,"column":2}},"line":61},"2":{"name":"(anonymous_2)","decl":{"start":{"line":66,"column":21},"end":{"line":66,"column":22}},"loc":{"start":{"line":66,"column":38},"end":{"line":75,"column":2}},"line":66},"3":{"name":"(anonymous_3)","decl":{"start":{"line":77,"column":22},"end":{"line":77,"column":23}},"loc":{"start":{"line":77,"column":50},"end":{"line":86,"column":2}},"line":77},"4":{"name":"(anonymous_4)","decl":{"start":{"line":88,"column":27},"end":{"line":88,"column":28}},"loc":{"start":{"line":88,"column":71},"end":{"line":136,"column":2}},"line":88},"5":{"name":"(anonymous_5)","decl":{"start":{"line":95,"column":13},"end":{"line":95,"column":14}},"loc":{"start":{"line":95,"column":26},"end":{"line":98,"column":4}},"line":95},"6":{"name":"(anonymous_6)","decl":{"start":{"line":99,"column":35},"end":{"line":99,"column":36}},"loc":{"start":{"line":99,"column":47},"end":{"line":124,"column":4}},"line":99},"7":{"name":"(anonymous_7)","decl":{"start":{"line":116,"column":14},"end":{"line":116,"column":15}},"loc":{"start":{"line":116,"column":27},"end":{"line":123,"column":5}},"line":116},"8":{"name":"(anonymous_8)","decl":{"start":{"line":126,"column":13},"end":{"line":126,"column":14}},"loc":{"start":{"line":126,"column":26},"end":{"line":134,"column":4}},"line":126},"9":{"name":"(anonymous_9)","decl":{"start":{"line":138,"column":11},"end":{"line":138,"column":12}},"loc":{"start":{"line":138,"column":17},"end":{"line":140,"column":2}},"line":138},"10":{"name":"(anonymous_10)","decl":{"start":{"line":142,"column":32},"end":{"line":142,"column":33}},"loc":{"start":{"line":142,"column":38},"end":{"line":150,"column":2}},"line":142},"11":{"name":"(anonymous_11)","decl":{"start":{"line":152,"column":26},"end":{"line":152,"column":27}},"loc":{"start":{"line":152,"column":56},"end":{"line":167,"column":2}},"line":152},"12":{"name":"(anonymous_12)","decl":{"start":{"line":169,"column":26},"end":{"line":169,"column":27}},"loc":{"start":{"line":169,"column":69},"end":{"line":171,"column":2}},"line":169},"13":{"name":"(anonymous_13)","decl":{"start":{"line":173,"column":30},"end":{"line":173,"column":31}},"loc":{"start":{"line":173,"column":36},"end":{"line":175,"column":2}},"line":173},"14":{"name":"FieldHelper","decl":{"start":{"line":292,"column":9},"end":{"line":292,"column":20}},"loc":{"start":{"line":292,"column":68},"end":{"line":319,"column":1}},"line":292},"15":{"name":"(anonymous_15)","decl":{"start":{"line":299,"column":34},"end":{"line":299,"column":35}},"loc":{"start":{"line":299,"column":40},"end":{"line":312,"column":2}},"line":299},"16":{"name":"(anonymous_16)","decl":{"start":{"line":314,"column":11},"end":{"line":314,"column":12}},"loc":{"start":{"line":314,"column":17},"end":{"line":316,"column":2}},"line":314}},"branchMap":{"0":{"loc":{"start":{"line":72,"column":2},"end":{"line":72,"column":57}},"type":"if","locations":[{"start":{"line":72,"column":2},"end":{"line":72,"column":57}},{"start":{"line":72,"column":2},"end":{"line":72,"column":57}}],"line":72},"1":{"loc":{"start":{"line":72,"column":6},"end":{"line":72,"column":41}},"type":"binary-expr","locations":[{"start":{"line":72,"column":6},"end":{"line":72,"column":23}},{"start":{"line":72,"column":27},"end":{"line":72,"column":41}}],"line":72},"2":{"loc":{"start":{"line":73,"column":2},"end":{"line":73,"column":41}},"type":"if","locations":[{"start":{"line":73,"column":2},"end":{"line":73,"column":41}},{"start":{"line":73,"column":2},"end":{"line":73,"column":41}}],"line":73},"3":{"loc":{"start":{"line":82,"column":2},"end":{"line":82,"column":41}},"type":"if","locations":[{"start":{"line":82,"column":2},"end":{"line":82,"column":41}},{"start":{"line":82,"column":2},"end":{"line":82,"column":41}}],"line":82},"4":{"loc":{"start":{"line":83,"column":2},"end":{"line":83,"column":51}},"type":"if","locations":[{"start":{"line":83,"column":2},"end":{"line":83,"column":51}},{"start":{"line":83,"column":2},"end":{"line":83,"column":51}}],"line":83},"5":{"loc":{"start":{"line":94,"column":2},"end":{"line":135,"column":3}},"type":"if","locations":[{"start":{"line":94,"column":2},"end":{"line":135,"column":3}},{"start":{"line":94,"column":2},"end":{"line":135,"column":3}}],"line":94},"6":{"loc":{"start":{"line":101,"column":4},"end":{"line":114,"column":5}},"type":"switch","locations":[{"start":{"line":102,"column":5},"end":{"line":104,"column":11}},{"start":{"line":105,"column":5},"end":{"line":107,"column":11}},{"start":{"line":108,"column":5},"end":{"line":110,"column":11}},{"start":{"line":111,"column":5},"end":{"line":113,"column":11}}],"line":101},"7":{"loc":{"start":{"line":145,"column":3},"end":{"line":147,"column":4}},"type":"if","locations":[{"start":{"line":145,"column":3},"end":{"line":147,"column":4}},{"start":{"line":145,"column":3},"end":{"line":147,"column":4}}],"line":145},"8":{"loc":{"start":{"line":154,"column":2},"end":{"line":154,"column":42}},"type":"if","locations":[{"start":{"line":154,"column":2},"end":{"line":154,"column":42}},{"start":{"line":154,"column":2},"end":{"line":154,"column":42}}],"line":154},"9":{"loc":{"start":{"line":189,"column":8},"end":{"line":195,"column":23}},"type":"cond-expr","locations":[{"start":{"line":190,"column":11},"end":{"line":190,"column":23}},{"start":{"line":191,"column":11},"end":{"line":195,"column":23}}],"line":189},"10":{"loc":{"start":{"line":191,"column":11},"end":{"line":195,"column":23}},"type":"cond-expr","locations":[{"start":{"line":192,"column":11},"end":{"line":192,"column":13}},{"start":{"line":193,"column":11},"end":{"line":195,"column":23}}],"line":191},"11":{"loc":{"start":{"line":193,"column":11},"end":{"line":195,"column":23}},"type":"cond-expr","locations":[{"start":{"line":194,"column":11},"end":{"line":194,"column":21}},{"start":{"line":195,"column":11},"end":{"line":195,"column":23}}],"line":193},"12":{"loc":{"start":{"line":201,"column":7},"end":{"line":203,"column":7}},"type":"binary-expr","locations":[{"start":{"line":201,"column":7},"end":{"line":201,"column":36}},{"start":{"line":201,"column":40},"end":{"line":201,"column":65}},{"start":{"line":202,"column":7},"end":{"line":202,"column":41}}],"line":201},"13":{"loc":{"start":{"line":211,"column":8},"end":{"line":217,"column":23}},"type":"cond-expr","locations":[{"start":{"line":212,"column":11},"end":{"line":212,"column":23}},{"start":{"line":213,"column":11},"end":{"line":217,"column":23}}],"line":211},"14":{"loc":{"start":{"line":213,"column":11},"end":{"line":217,"column":23}},"type":"cond-expr","locations":[{"start":{"line":214,"column":11},"end":{"line":214,"column":13}},{"start":{"line":215,"column":11},"end":{"line":217,"column":23}}],"line":213},"15":{"loc":{"start":{"line":215,"column":11},"end":{"line":217,"column":23}},"type":"cond-expr","locations":[{"start":{"line":216,"column":11},"end":{"line":216,"column":21}},{"start":{"line":217,"column":11},"end":{"line":217,"column":23}}],"line":215},"16":{"loc":{"start":{"line":225,"column":7},"end":{"line":227,"column":7}},"type":"binary-expr","locations":[{"start":{"line":225,"column":7},"end":{"line":225,"column":33}},{"start":{"line":225,"column":37},"end":{"line":225,"column":59}},{"start":{"line":226,"column":7},"end":{"line":226,"column":38}}],"line":225},"17":{"loc":{"start":{"line":235,"column":8},"end":{"line":241,"column":23}},"type":"cond-expr","locations":[{"start":{"line":236,"column":11},"end":{"line":236,"column":23}},{"start":{"line":237,"column":11},"end":{"line":241,"column":23}}],"line":235},"18":{"loc":{"start":{"line":237,"column":11},"end":{"line":241,"column":23}},"type":"cond-expr","locations":[{"start":{"line":238,"column":11},"end":{"line":238,"column":13}},{"start":{"line":239,"column":11},"end":{"line":241,"column":23}}],"line":237},"19":{"loc":{"start":{"line":239,"column":11},"end":{"line":241,"column":23}},"type":"cond-expr","locations":[{"start":{"line":240,"column":11},"end":{"line":240,"column":21}},{"start":{"line":241,"column":11},"end":{"line":241,"column":23}}],"line":239},"20":{"loc":{"start":{"line":247,"column":7},"end":{"line":249,"column":7}},"type":"binary-expr","locations":[{"start":{"line":247,"column":7},"end":{"line":247,"column":31}},{"start":{"line":247,"column":35},"end":{"line":247,"column":55}},{"start":{"line":248,"column":7},"end":{"line":248,"column":36}}],"line":247},"21":{"loc":{"start":{"line":257,"column":8},"end":{"line":263,"column":23}},"type":"cond-expr","locations":[{"start":{"line":258,"column":11},"end":{"line":258,"column":23}},{"start":{"line":259,"column":11},"end":{"line":263,"column":23}}],"line":257},"22":{"loc":{"start":{"line":259,"column":11},"end":{"line":263,"column":23}},"type":"cond-expr","locations":[{"start":{"line":260,"column":11},"end":{"line":260,"column":13}},{"start":{"line":261,"column":11},"end":{"line":263,"column":23}}],"line":259},"23":{"loc":{"start":{"line":261,"column":11},"end":{"line":263,"column":23}},"type":"cond-expr","locations":[{"start":{"line":262,"column":11},"end":{"line":262,"column":21}},{"start":{"line":263,"column":11},"end":{"line":263,"column":23}}],"line":261},"24":{"loc":{"start":{"line":269,"column":7},"end":{"line":271,"column":7}},"type":"binary-expr","locations":[{"start":{"line":269,"column":7},"end":{"line":269,"column":32}},{"start":{"line":269,"column":36},"end":{"line":269,"column":57}},{"start":{"line":270,"column":7},"end":{"line":270,"column":37}}],"line":269},"25":{"loc":{"start":{"line":300,"column":2},"end":{"line":311,"column":3}},"type":"switch","locations":[{"start":{"line":301,"column":3},"end":{"line":302,"column":34}},{"start":{"line":303,"column":3},"end":{"line":304,"column":31}},{"start":{"line":305,"column":3},"end":{"line":306,"column":29}},{"start":{"line":307,"column":3},"end":{"line":308,"column":30}},{"start":{"line":309,"column":3},"end":{"line":310,"column":13}}],"line":300}},"s":{"0":0,"1":0,"2":0,"3":0,"4":0,"5":0,"6":0,"7":0,"8":0,"9":0,"10":0,"11":0,"12":0,"13":0,"14":0,"15":0,"16":0,"17":0,"18":0,"19":0,"20":0,"21":0,"22":0,"23":0,"24":0,"25":0,"26":0,"27":0,"28":0,"29":0,"30":0,"31":0,"32":0,"33":0,"34":0,"35":0,"36":0,"37":0,"38":0,"39":0,"40":0,"41":0,"42":0,"43":0,"44":0,"45":0,"46":0,"47":0,"48":0,"49":0,"50":0,"51":0,"52":0,"53":0,"54":0,"55":0,"56":0,"57":0,"58":0,"59":0,"60":0,"61":0,"62":0,"63":0,"64":0,"65":0,"66":0,"67":0,"68":0,"69":0,"70":0,"71":0,"72":0,"73":0,"74":0,"75":0,"76":0,"77":0,"78":0,"79":0,"80":0,"81":0,"82":0,"83":0,"84":0},"f":{"0":0,"1":0,"2":0,"3":0,"4":0,"5":0,"6":0,"7":0,"8":0,"9":0,"10":0,"11":0,"12":0,"13":0,"14":0,"15":0,"16":0},"b":{"0":[0,0],"1":[0,0],"2":[0,0],"3":[0,0],"4":[0,0],"5":[0,0],"6":[0,0,0,0],"7":[0,0],"8":[0,0],"9":[0,0],"10":[0,0],"11":[0,0],"12":[0,0,0],"13":[0,0],"14":[0,0],"15":[0,0],"16":[0,0,0],"17":[0,0],"18":[0,0],"19":[0,0],"20":[0,0,0],"21":[0,0],"22":[0,0],"23":[0,0],"24":[0,0,0],"25":[0,0,0,0,0]},"_coverageSchema":"43e27e138ebf9cfc5966b082cf9a028302ed4184","hash":"680a7574522cc68b9e2ea39b7309d2025fd189ed"}
,"/home/adress/Documents/GitHub/tq/client/src/components/firstTimeHelpBox/FirstTimeHelpBox.tsx": {"path":"/home/adress/Documents/GitHub/tq/client/src/components/firstTimeHelpBox/FirstTimeHelpBox.tsx","statementMap":{"0":{"start":{"line":8,"column":24},"end":{"line":8,"column":58}},"1":{"start":{"line":10,"column":30},"end":{"line":14,"column":5}},"2":{"start":{"line":11,"column":30},"end":{"line":11,"column":56}},"3":{"start":{"line":12,"column":8},"end":{"line":13,"column":26}},"4":{"start":{"line":13,"column":3},"end":{"line":13,"column":26}},"5":{"start":{"line":16,"column":1},"end":{"line":25,"column":2}}},"fnMap":{"0":{"name":"FirstTimeModal","decl":{"start":{"line":5,"column":24},"end":{"line":5,"column":38}},"loc":{"start":{"line":7,"column":6},"end":{"line":26,"column":1}},"line":7},"1":{"name":"(anonymous_1)","decl":{"start":{"line":10,"column":30},"end":{"line":10,"column":31}},"loc":{"start":{"line":10,"column":76},"end":{"line":14,"column":5}},"line":10}},"branchMap":{"0":{"loc":{"start":{"line":12,"column":8},"end":{"line":13,"column":26}},"type":"if","locations":[{"start":{"line":12,"column":8},"end":{"line":13,"column":26}},{"start":{"line":12,"column":8},"end":{"line":13,"column":26}}],"line":12},"1":{"loc":{"start":{"line":12,"column":12},"end":{"line":12,"column":74}},"type":"binary-expr","locations":[{"start":{"line":12,"column":12},"end":{"line":12,"column":63}},{"start":{"line":12,"column":67},"end":{"line":12,"column":74}}],"line":12},"2":{"loc":{"start":{"line":19,"column":36},"end":{"line":19,"column":58}},"type":"cond-expr","locations":[{"start":{"line":19,"column":45},"end":{"line":19,"column":53}},{"start":{"line":19,"column":56},"end":{"line":19,"column":58}}],"line":19},"3":{"loc":{"start":{"line":21,"column":28},"end":{"line":21,"column":50}},"type":"cond-expr","locations":[{"start":{"line":21,"column":37},"end":{"line":21,"column":45}},{"start":{"line":21,"column":48},"end":{"line":21,"column":50}}],"line":21}},"s":{"0":12,"1":12,"2":1,"3":1,"4":0,"5":12},"f":{"0":12,"1":1},"b":{"0":[0,1],"1":[1,0],"2":[3,9],"3":[3,9]},"_coverageSchema":"43e27e138ebf9cfc5966b082cf9a028302ed4184","hash":"ecdcd9146e746a2517437f5bf3265f9266ed4bf8"}
,"/home/adress/Documents/GitHub/tq/client/src/components/loader/Loader.tsx": {"path":"/home/adress/Documents/GitHub/tq/client/src/components/loader/Loader.tsx","statementMap":{"0":{"start":{"line":4,"column":15},"end":{"line":10,"column":1}},"1":{"start":{"line":5,"column":1},"end":{"line":9,"column":2}},"2":{"start":{"line":15,"column":15},"end":{"line":15,"column":73}},"3":{"start":{"line":16,"column":1},"end":{"line":53,"column":2}}},"fnMap":{"0":{"name":"(anonymous_0)","decl":{"start":{"line":4,"column":15},"end":{"line":4,"column":16}},"loc":{"start":{"line":4,"column":21},"end":{"line":10,"column":1}},"line":4},"1":{"name":"LoaderEye","decl":{"start":{"line":12,"column":16},"end":{"line":12,"column":25}},"loc":{"start":{"line":14,"column":16},"end":{"line":54,"column":1}},"line":14}},"branchMap":{"0":{"loc":{"start":{"line":15,"column":15},"end":{"line":15,"column":73}},"type":"cond-expr","locations":[{"start":{"line":15,"column":32},"end":{"line":15,"column":40}},{"start":{"line":15,"column":43},"end":{"line":15,"column":73}}],"line":15},"1":{"loc":{"start":{"line":15,"column":43},"end":{"line":15,"column":73}},"type":"cond-expr","locations":[{"start":{"line":15,"column":59},"end":{"line":15,"column":65}},{"start":{"line":15,"column":68},"end":{"line":15,"column":73}}],"line":15}},"s":{"0":9,"1":16,"2":16,"3":16},"f":{"0":16,"1":16},"b":{"0":[16,0],"1":[0,0]},"_coverageSchema":"43e27e138ebf9cfc5966b082cf9a028302ed4184","hash":"a835c0e0b0c5d909f7f2a17c4d97f6ad776817c1"}
,"/home/adress/Documents/GitHub/tq/client/src/components/menu/Menu.tsx": {"path":"/home/adress/Documents/GitHub/tq/client/src/components/menu/Menu.tsx","statementMap":{"0":{"start":{"line":18,"column":35},"end":{"line":18,"column":49}},"1":{"start":{"line":19,"column":49},"end":{"line":19,"column":64}},"2":{"start":{"line":20,"column":33},"end":{"line":20,"column":48}},"3":{"start":{"line":21,"column":39},"end":{"line":21,"column":54}},"4":{"start":{"line":22,"column":43},"end":{"line":22,"column":58}},"5":{"start":{"line":23,"column":33},"end":{"line":23,"column":48}},"6":{"start":{"line":25,"column":29},"end":{"line":25,"column":79}},"7":{"start":{"line":25,"column":68},"end":{"line":25,"column":78}},"8":{"start":{"line":26,"column":18},"end":{"line":26,"column":31}},"9":{"start":{"line":28,"column":18},"end":{"line":28,"column":31}},"10":{"start":{"line":30,"column":25},"end":{"line":32,"column":2}},"11":{"start":{"line":31,"column":2},"end":{"line":31,"column":58}},"12":{"start":{"line":34,"column":1},"end":{"line":38,"column":7}},"13":{"start":{"line":35,"column":2},"end":{"line":35,"column":19}},"14":{"start":{"line":36,"column":2},"end":{"line":36,"column":52}},"15":{"start":{"line":37,"column":2},"end":{"line":37,"column":68}},"16":{"start":{"line":37,"column":15},"end":{"line":37,"column":68}},"17":{"start":{"line":40,"column":1},"end":{"line":46,"column":22}},"18":{"start":{"line":41,"column":17},"end":{"line":41,"column":53}},"19":{"start":{"line":42,"column":12},"end":{"line":42,"column":35}},"20":{"start":{"line":43,"column":2},"end":{"line":45,"column":3}},"21":{"start":{"line":44,"column":3},"end":{"line":44,"column":25}},"22":{"start":{"line":48,"column":1},"end":{"line":58,"column":7}},"23":{"start":{"line":49,"column":2},"end":{"line":57,"column":10}},"24":{"start":{"line":50,"column":3},"end":{"line":56,"column":4}},"25":{"start":{"line":51,"column":4},"end":{"line":51,"column":22}},"26":{"start":{"line":52,"column":4},"end":{"line":52,"column":29}},"27":{"start":{"line":53,"column":4},"end":{"line":53,"column":42}},"28":{"start":{"line":55,"column":4},"end":{"line":55,"column":23}},"29":{"start":{"line":60,"column":1},"end":{"line":64,"column":7}},"30":{"start":{"line":61,"column":2},"end":{"line":61,"column":15}},"31":{"start":{"line":62,"column":2},"end":{"line":62,"column":48}},"32":{"start":{"line":63,"column":2},"end":{"line":63,"column":64}},"33":{"start":{"line":63,"column":15},"end":{"line":63,"column":64}},"34":{"start":{"line":66,"column":21},"end":{"line":68,"column":2}},"35":{"start":{"line":67,"column":2},"end":{"line":67,"column":42}},"36":{"start":{"line":70,"column":30},"end":{"line":73,"column":2}},"37":{"start":{"line":71,"column":2},"end":{"line":71,"column":50}},"38":{"start":{"line":71,"column":24},"end":{"line":71,"column":50}},"39":{"start":{"line":72,"column":2},"end":{"line":72,"column":24}},"40":{"start":{"line":75,"column":25},"end":{"line":78,"column":2}},"41":{"start":{"line":76,"column":2},"end":{"line":76,"column":20}},"42":{"start":{"line":77,"column":2},"end":{"line":77,"column":24}},"43":{"start":{"line":80,"column":27},"end":{"line":86,"column":2}},"44":{"start":{"line":81,"column":14},"end":{"line":81,"column":46}},"45":{"start":{"line":82,"column":2},"end":{"line":85,"column":3}},"46":{"start":{"line":83,"column":3},"end":{"line":83,"column":21}},"47":{"start":{"line":84,"column":3},"end":{"line":84,"column":32}},"48":{"start":{"line":88,"column":1},"end":{"line":173,"column":2}}},"fnMap":{"0":{"name":"Menu","decl":{"start":{"line":17,"column":24},"end":{"line":17,"column":28}},"loc":{"start":{"line":17,"column":31},"end":{"line":174,"column":1}},"line":17},"1":{"name":"(anonymous_1)","decl":{"start":{"line":25,"column":41},"end":{"line":25,"column":42}},"loc":{"start":{"line":25,"column":68},"end":{"line":25,"column":78}},"line":25},"2":{"name":"(anonymous_2)","decl":{"start":{"line":30,"column":25},"end":{"line":30,"column":26}},"loc":{"start":{"line":30,"column":31},"end":{"line":32,"column":2}},"line":30},"3":{"name":"(anonymous_3)","decl":{"start":{"line":34,"column":11},"end":{"line":34,"column":12}},"loc":{"start":{"line":34,"column":17},"end":{"line":38,"column":2}},"line":34},"4":{"name":"(anonymous_4)","decl":{"start":{"line":37,"column":9},"end":{"line":37,"column":10}},"loc":{"start":{"line":37,"column":15},"end":{"line":37,"column":68}},"line":37},"5":{"name":"(anonymous_5)","decl":{"start":{"line":40,"column":11},"end":{"line":40,"column":12}},"loc":{"start":{"line":40,"column":17},"end":{"line":46,"column":2}},"line":40},"6":{"name":"(anonymous_6)","decl":{"start":{"line":48,"column":11},"end":{"line":48,"column":12}},"loc":{"start":{"line":48,"column":17},"end":{"line":58,"column":2}},"line":48},"7":{"name":"(anonymous_7)","decl":{"start":{"line":49,"column":13},"end":{"line":49,"column":14}},"loc":{"start":{"line":49,"column":19},"end":{"line":57,"column":3}},"line":49},"8":{"name":"(anonymous_8)","decl":{"start":{"line":60,"column":11},"end":{"line":60,"column":12}},"loc":{"start":{"line":60,"column":17},"end":{"line":64,"column":2}},"line":60},"9":{"name":"(anonymous_9)","decl":{"start":{"line":63,"column":9},"end":{"line":63,"column":10}},"loc":{"start":{"line":63,"column":15},"end":{"line":63,"column":64}},"line":63},"10":{"name":"(anonymous_10)","decl":{"start":{"line":66,"column":21},"end":{"line":66,"column":22}},"loc":{"start":{"line":66,"column":27},"end":{"line":68,"column":2}},"line":66},"11":{"name":"(anonymous_11)","decl":{"start":{"line":70,"column":30},"end":{"line":70,"column":31}},"loc":{"start":{"line":70,"column":36},"end":{"line":73,"column":2}},"line":70},"12":{"name":"(anonymous_12)","decl":{"start":{"line":75,"column":25},"end":{"line":75,"column":26}},"loc":{"start":{"line":75,"column":31},"end":{"line":78,"column":2}},"line":75},"13":{"name":"(anonymous_13)","decl":{"start":{"line":80,"column":27},"end":{"line":80,"column":28}},"loc":{"start":{"line":80,"column":39},"end":{"line":86,"column":2}},"line":80}},"branchMap":{"0":{"loc":{"start":{"line":42,"column":12},"end":{"line":42,"column":35}},"type":"binary-expr","locations":[{"start":{"line":42,"column":12},"end":{"line":42,"column":29}},{"start":{"line":42,"column":33},"end":{"line":42,"column":35}}],"line":42},"1":{"loc":{"start":{"line":43,"column":2},"end":{"line":45,"column":3}},"type":"if","locations":[{"start":{"line":43,"column":2},"end":{"line":45,"column":3}},{"start":{"line":43,"column":2},"end":{"line":45,"column":3}}],"line":43},"2":{"loc":{"start":{"line":50,"column":3},"end":{"line":56,"column":4}},"type":"if","locations":[{"start":{"line":50,"column":3},"end":{"line":56,"column":4}},{"start":{"line":50,"column":3},"end":{"line":56,"column":4}}],"line":50},"3":{"loc":{"start":{"line":71,"column":2},"end":{"line":71,"column":50}},"type":"if","locations":[{"start":{"line":71,"column":2},"end":{"line":71,"column":50}},{"start":{"line":71,"column":2},"end":{"line":71,"column":50}}],"line":71},"4":{"loc":{"start":{"line":82,"column":2},"end":{"line":85,"column":3}},"type":"if","locations":[{"start":{"line":82,"column":2},"end":{"line":85,"column":3}},{"start":{"line":82,"column":2},"end":{"line":85,"column":3}}],"line":82},"5":{"loc":{"start":{"line":92,"column":21},"end":{"line":92,"column":43}},"type":"cond-expr","locations":[{"start":{"line":92,"column":32},"end":{"line":92,"column":38}},{"start":{"line":92,"column":41},"end":{"line":92,"column":43}}],"line":92},"6":{"loc":{"start":{"line":97,"column":26},"end":{"line":97,"column":66}},"type":"cond-expr","locations":[{"start":{"line":97,"column":53},"end":{"line":97,"column":61}},{"start":{"line":97,"column":64},"end":{"line":97,"column":66}}],"line":97},"7":{"loc":{"start":{"line":97,"column":26},"end":{"line":97,"column":50}},"type":"binary-expr","locations":[{"start":{"line":97,"column":26},"end":{"line":97,"column":34}},{"start":{"line":97,"column":38},"end":{"line":97,"column":50}}],"line":97},"8":{"loc":{"start":{"line":103,"column":28},"end":{"line":103,"column":52}},"type":"cond-expr","locations":[{"start":{"line":103,"column":39},"end":{"line":103,"column":47}},{"start":{"line":103,"column":50},"end":{"line":103,"column":52}}],"line":103},"9":{"loc":{"start":{"line":109,"column":31},"end":{"line":109,"column":55}},"type":"cond-expr","locations":[{"start":{"line":109,"column":42},"end":{"line":109,"column":50}},{"start":{"line":109,"column":53},"end":{"line":109,"column":55}}],"line":109},"10":{"loc":{"start":{"line":110,"column":6},"end":{"line":162,"column":6}},"type":"binary-expr","locations":[{"start":{"line":110,"column":6},"end":{"line":110,"column":14}},{"start":{"line":111,"column":6},"end":{"line":161,"column":12}}],"line":110},"11":{"loc":{"start":{"line":131,"column":8},"end":{"line":138,"column":8}},"type":"binary-expr","locations":[{"start":{"line":131,"column":8},"end":{"line":131,"column":24}},{"start":{"line":132,"column":8},"end":{"line":137,"column":14}}],"line":131},"12":{"loc":{"start":{"line":139,"column":8},"end":{"line":149,"column":8}},"type":"binary-expr","locations":[{"start":{"line":139,"column":8},"end":{"line":139,"column":23}},{"start":{"line":140,"column":8},"end":{"line":148,"column":14}}],"line":139},"13":{"loc":{"start":{"line":165,"column":4},"end":{"line":165,"column":63}},"type":"binary-expr","locations":[{"start":{"line":165,"column":4},"end":{"line":165,"column":13}},{"start":{"line":165,"column":17},"end":{"line":165,"column":63}}],"line":165}},"s":{"0":24,"1":24,"2":24,"3":24,"4":24,"5":24,"6":24,"7":33,"8":24,"9":24,"10":24,"11":9,"12":24,"13":9,"14":9,"15":9,"16":0,"17":24,"18":9,"19":9,"20":9,"21":0,"22":24,"23":9,"24":3,"25":3,"26":3,"27":3,"28":0,"29":24,"30":9,"31":9,"32":9,"33":0,"34":24,"35":9,"36":24,"37":0,"38":0,"39":0,"40":24,"41":0,"42":0,"43":24,"44":0,"45":0,"46":0,"47":0,"48":24},"f":{"0":24,"1":33,"2":9,"3":9,"4":0,"5":9,"6":9,"7":3,"8":9,"9":0,"10":9,"11":0,"12":0,"13":0},"b":{"0":[9,9],"1":[0,9],"2":[3,0],"3":[0,0],"4":[0,0],"5":[0,24],"6":[0,24],"7":[24,0],"8":[0,24],"9":[0,24],"10":[24,0],"11":[0,0],"12":[0,0],"13":[24,24]},"_coverageSchema":"43e27e138ebf9cfc5966b082cf9a028302ed4184","hash":"5848cf8c6cb5b68e252171a61bff836bc655b0ef"}
,"/home/adress/Documents/GitHub/tq/client/src/global/store.js": {"path":"/home/adress/Documents/GitHub/tq/client/src/global/store.js","statementMap":{"0":{"start":{"line":6,"column":24},"end":{"line":6,"column":78}},"1":{"start":{"line":8,"column":20},"end":{"line":10,"column":2}},"2":{"start":{"line":13,"column":15},"end":{"line":16,"column":2}},"3":{"start":{"line":17,"column":1},"end":{"line":17,"column":36}},"4":{"start":{"line":18,"column":1},"end":{"line":18,"column":13}}},"fnMap":{"0":{"name":"generateStore","decl":{"start":{"line":12,"column":24},"end":{"line":12,"column":37}},"loc":{"start":{"line":12,"column":40},"end":{"line":19,"column":1}},"line":12}},"branchMap":{"0":{"loc":{"start":{"line":6,"column":24},"end":{"line":6,"column":78}},"type":"binary-expr","locations":[{"start":{"line":6,"column":24},"end":{"line":6,"column":67}},{"start":{"line":6,"column":71},"end":{"line":6,"column":78}}],"line":6}},"s":{"0":9,"1":9,"2":9,"3":9,"4":9},"f":{"0":9},"b":{"0":[9,9]},"_coverageSchema":"43e27e138ebf9cfc5966b082cf9a028302ed4184","hash":"0f82be69691a99ab942a4e0d0f54505346571eba"}
,"/home/adress/Documents/GitHub/tq/client/src/global/context/InitContext.tsx": {"path":"/home/adress/Documents/GitHub/tq/client/src/global/context/InitContext.tsx","statementMap":{"0":{"start":{"line":18,"column":36},"end":{"line":22,"column":1}},"1":{"start":{"line":30,"column":27},"end":{"line":30,"column":70}},"2":{"start":{"line":33,"column":1},"end":{"line":51,"column":2}},"3":{"start":{"line":35,"column":3},"end":{"line":38,"column":5}},"4":{"start":{"line":40,"column":3},"end":{"line":43,"column":5}},"5":{"start":{"line":45,"column":3},"end":{"line":48,"column":5}},"6":{"start":{"line":50,"column":3},"end":{"line":50,"column":16}},"7":{"start":{"line":55,"column":27},"end":{"line":55,"column":60}},"8":{"start":{"line":57,"column":18},"end":{"line":66,"column":2}},"9":{"start":{"line":58,"column":21},"end":{"line":58,"column":55}},"10":{"start":{"line":59,"column":2},"end":{"line":59,"column":45}},"11":{"start":{"line":60,"column":2},"end":{"line":65,"column":3}},"12":{"start":{"line":62,"column":4},"end":{"line":62,"column":14}},"13":{"start":{"line":64,"column":4},"end":{"line":64,"column":14}},"14":{"start":{"line":68,"column":1},"end":{"line":73,"column":8}},"15":{"start":{"line":69,"column":2},"end":{"line":72,"column":5}},"16":{"start":{"line":75,"column":1},"end":{"line":82,"column":8}},"17":{"start":{"line":76,"column":2},"end":{"line":81,"column":7}},"18":{"start":{"line":77,"column":3},"end":{"line":80,"column":6}},"19":{"start":{"line":84,"column":1},"end":{"line":93,"column":10}}},"fnMap":{"0":{"name":"reducer","decl":{"start":{"line":32,"column":9},"end":{"line":32,"column":16}},"loc":{"start":{"line":32,"column":63},"end":{"line":52,"column":1}},"line":32},"1":{"name":"(anonymous_1)","decl":{"start":{"line":54,"column":15},"end":{"line":54,"column":16}},"loc":{"start":{"line":54,"column":77},"end":{"line":94,"column":1}},"line":54},"2":{"name":"(anonymous_2)","decl":{"start":{"line":57,"column":18},"end":{"line":57,"column":19}},"loc":{"start":{"line":57,"column":24},"end":{"line":66,"column":2}},"line":57},"3":{"name":"(anonymous_3)","decl":{"start":{"line":68,"column":11},"end":{"line":68,"column":12}},"loc":{"start":{"line":68,"column":17},"end":{"line":73,"column":2}},"line":68},"4":{"name":"(anonymous_4)","decl":{"start":{"line":75,"column":11},"end":{"line":75,"column":12}},"loc":{"start":{"line":75,"column":17},"end":{"line":82,"column":2}},"line":75},"5":{"name":"(anonymous_5)","decl":{"start":{"line":76,"column":3},"end":{"line":76,"column":4}},"loc":{"start":{"line":76,"column":15},"end":{"line":81,"column":3}},"line":76}},"branchMap":{"0":{"loc":{"start":{"line":33,"column":1},"end":{"line":51,"column":2}},"type":"switch","locations":[{"start":{"line":34,"column":2},"end":{"line":38,"column":5}},{"start":{"line":39,"column":2},"end":{"line":43,"column":5}},{"start":{"line":44,"column":2},"end":{"line":48,"column":5}},{"start":{"line":49,"column":2},"end":{"line":50,"column":16}}],"line":33},"1":{"loc":{"start":{"line":60,"column":2},"end":{"line":65,"column":3}},"type":"switch","locations":[{"start":{"line":61,"column":3},"end":{"line":62,"column":14}},{"start":{"line":63,"column":3},"end":{"line":64,"column":14}}],"line":60},"2":{"loc":{"start":{"line":84,"column":8},"end":{"line":93,"column":9}},"type":"cond-expr","locations":[{"start":{"line":85,"column":2},"end":{"line":92,"column":25}},{"start":{"line":93,"column":5},"end":{"line":93,"column":9}}],"line":84}},"s":{"0":9,"1":9,"2":20,"3":0,"4":9,"5":11,"6":0,"7":54,"8":54,"9":9,"10":9,"11":9,"12":0,"13":9,"14":54,"15":9,"16":54,"17":9,"18":9,"19":54},"f":{"0":20,"1":54,"2":9,"3":9,"4":9,"5":9},"b":{"0":[0,9,11,0],"1":[0,9],"2":[54,0]},"_coverageSchema":"43e27e138ebf9cfc5966b082cf9a028302ed4184","hash":"db66a2a7aa21236cd49c6fdcd4e69296bee43ab8"}
,"/home/adress/Documents/GitHub/tq/client/src/global/ducks/authDucks.ts": {"path":"/home/adress/Documents/GitHub/tq/client/src/global/ducks/authDucks.ts","statementMap":{"0":{"start":{"line":16,"column":33},"end":{"line":21,"column":1}},"1":{"start":{"line":24,"column":22},"end":{"line":24,"column":37}},"2":{"start":{"line":25,"column":21},"end":{"line":25,"column":35}},"3":{"start":{"line":29,"column":1},"end":{"line":46,"column":2}},"4":{"start":{"line":31,"column":3},"end":{"line":37,"column":4}},"5":{"start":{"line":39,"column":20},"end":{"line":39,"column":25}},"6":{"start":{"line":40,"column":3},"end":{"line":43,"column":4}},"7":{"start":{"line":45,"column":3},"end":{"line":45,"column":15}},"8":{"start":{"line":50,"column":33},"end":{"line":77,"column":1}},"9":{"start":{"line":50,"column":39},"end":{"line":77,"column":1}},"10":{"start":{"line":51,"column":1},"end":{"line":76,"column":2}},"11":{"start":{"line":52,"column":14},"end":{"line":52,"column":52}},"12":{"start":{"line":53,"column":2},"end":{"line":64,"column":3}},"13":{"start":{"line":54,"column":47},"end":{"line":54,"column":55}},"14":{"start":{"line":55,"column":3},"end":{"line":63,"column":14}},"15":{"start":{"line":66,"column":2},"end":{"line":66,"column":22}},"16":{"start":{"line":67,"column":2},"end":{"line":75,"column":4}},"17":{"start":{"line":79,"column":37},"end":{"line":84,"column":1}},"18":{"start":{"line":79,"column":65},"end":{"line":84,"column":1}},"19":{"start":{"line":80,"column":1},"end":{"line":83,"column":3}}},"fnMap":{"0":{"name":"authReducer","decl":{"start":{"line":28,"column":24},"end":{"line":28,"column":35}},"loc":{"start":{"line":28,"column":79},"end":{"line":47,"column":1}},"line":28},"1":{"name":"(anonymous_1)","decl":{"start":{"line":50,"column":33},"end":{"line":50,"column":34}},"loc":{"start":{"line":50,"column":39},"end":{"line":77,"column":1}},"line":50},"2":{"name":"(anonymous_2)","decl":{"start":{"line":50,"column":39},"end":{"line":50,"column":40}},"loc":{"start":{"line":50,"column":70},"end":{"line":77,"column":1}},"line":50},"3":{"name":"(anonymous_3)","decl":{"start":{"line":79,"column":37},"end":{"line":79,"column":38}},"loc":{"start":{"line":79,"column":65},"end":{"line":84,"column":1}},"line":79},"4":{"name":"(anonymous_4)","decl":{"start":{"line":79,"column":65},"end":{"line":79,"column":66}},"loc":{"start":{"line":79,"column":95},"end":{"line":84,"column":1}},"line":79}},"branchMap":{"0":{"loc":{"start":{"line":28,"column":36},"end":{"line":28,"column":55}},"type":"default-arg","locations":[{"start":{"line":28,"column":44},"end":{"line":28,"column":55}}],"line":28},"1":{"loc":{"start":{"line":29,"column":1},"end":{"line":46,"column":2}},"type":"switch","locations":[{"start":{"line":30,"column":2},"end":{"line":37,"column":4}},{"start":{"line":38,"column":2},"end":{"line":43,"column":4}},{"start":{"line":44,"column":2},"end":{"line":45,"column":15}}],"line":29},"2":{"loc":{"start":{"line":53,"column":2},"end":{"line":64,"column":3}},"type":"if","locations":[{"start":{"line":53,"column":2},"end":{"line":64,"column":3}},{"start":{"line":53,"column":2},"end":{"line":64,"column":3}}],"line":53}},"s":{"0":9,"1":9,"2":9,"3":36,"4":9,"5":0,"6":0,"7":27,"8":9,"9":9,"10":9,"11":9,"12":9,"13":9,"14":9,"15":0,"16":0,"17":9,"18":0,"19":0},"f":{"0":36,"1":9,"2":9,"3":0,"4":0},"b":{"0":[27],"1":[9,0,27],"2":[9,0]},"_coverageSchema":"43e27e138ebf9cfc5966b082cf9a028302ed4184","hash":"06b68cf016c6400dccd3cbc2d346cd52dd1d21a4"}
,"/home/adress/Documents/GitHub/tq/client/src/lang/en.ts": {"path":"/home/adress/Documents/GitHub/tq/client/src/lang/en.ts","statementMap":{},"fnMap":{},"branchMap":{},"s":{},"f":{},"b":{},"_coverageSchema":"43e27e138ebf9cfc5966b082cf9a028302ed4184","hash":"17e08b3aa80e82349dcec7fb8e4dbeacea27c898"}
,"/home/adress/Documents/GitHub/tq/client/src/lang/es.ts": {"path":"/home/adress/Documents/GitHub/tq/client/src/lang/es.ts","statementMap":{},"fnMap":{},"branchMap":{},"s":{},"f":{},"b":{},"_coverageSchema":"43e27e138ebf9cfc5966b082cf9a028302ed4184","hash":"81bd6914b48a9b0597b5bbad4088cb3a4d6678f9"}
,"/home/adress/Documents/GitHub/tq/client/src/pages/authInTestMode/AuthInTestMode.tsx": {"path":"/home/adress/Documents/GitHub/tq/client/src/pages/authInTestMode/AuthInTestMode.tsx","statementMap":{"0":{"start":{"line":11,"column":24},"end":{"line":16,"column":1}},"1":{"start":{"line":12,"column":16},"end":{"line":14,"column":6}},"2":{"start":{"line":15,"column":4},"end":{"line":15,"column":29}},"3":{"start":{"line":19,"column":38},"end":{"line":19,"column":53}},"4":{"start":{"line":20,"column":25},"end":{"line":20,"column":48}},"5":{"start":{"line":22,"column":4},"end":{"line":30,"column":18}},"6":{"start":{"line":23,"column":8},"end":{"line":29,"column":13}},"7":{"start":{"line":24,"column":29},"end":{"line":24,"column":64}},"8":{"start":{"line":25,"column":12},"end":{"line":28,"column":14}},"9":{"start":{"line":32,"column":25},"end":{"line":57,"column":5}},"10":{"start":{"line":33,"column":24},"end":{"line":33,"column":52}},"11":{"start":{"line":34,"column":2},"end":{"line":34,"column":23}},"12":{"start":{"line":35,"column":2},"end":{"line":56,"column":3}},"13":{"start":{"line":36,"column":3},"end":{"line":55,"column":10}},"14":{"start":{"line":37,"column":4},"end":{"line":37,"column":22}},"15":{"start":{"line":38,"column":4},"end":{"line":54,"column":11}},"16":{"start":{"line":39,"column":37},"end":{"line":39,"column":72}},"17":{"start":{"line":40,"column":5},"end":{"line":52,"column":6}},"18":{"start":{"line":41,"column":24},"end":{"line":41,"column":85}},"19":{"start":{"line":42,"column":24},"end":{"line":45,"column":26}},"20":{"start":{"line":48,"column":24},"end":{"line":51,"column":26}},"21":{"start":{"line":53,"column":5},"end":{"line":53,"column":24}},"22":{"start":{"line":59,"column":1},"end":{"line":81,"column":2}},"23":{"start":{"line":61,"column":43},"end":{"line":61,"column":61}}},"fnMap":{"0":{"name":"(anonymous_0)","decl":{"start":{"line":11,"column":24},"end":{"line":11,"column":25}},"loc":{"start":{"line":11,"column":69},"end":{"line":16,"column":1}},"line":11},"1":{"name":"ValdTester","decl":{"start":{"line":18,"column":24},"end":{"line":18,"column":34}},"loc":{"start":{"line":18,"column":37},"end":{"line":82,"column":1}},"line":18},"2":{"name":"(anonymous_2)","decl":{"start":{"line":22,"column":14},"end":{"line":22,"column":15}},"loc":{"start":{"line":22,"column":20},"end":{"line":30,"column":5}},"line":22},"3":{"name":"(anonymous_3)","decl":{"start":{"line":23,"column":9},"end":{"line":23,"column":10}},"loc":{"start":{"line":23,"column":21},"end":{"line":29,"column":9}},"line":23},"4":{"name":"(anonymous_4)","decl":{"start":{"line":32,"column":25},"end":{"line":32,"column":26}},"loc":{"start":{"line":32,"column":69},"end":{"line":57,"column":5}},"line":32},"5":{"name":"(anonymous_5)","decl":{"start":{"line":36,"column":24},"end":{"line":36,"column":25}},"loc":{"start":{"line":36,"column":30},"end":{"line":55,"column":4}},"line":36},"6":{"name":"(anonymous_6)","decl":{"start":{"line":38,"column":15},"end":{"line":38,"column":16}},"loc":{"start":{"line":38,"column":27},"end":{"line":54,"column":5}},"line":38},"7":{"name":"(anonymous_7)","decl":{"start":{"line":61,"column":36},"end":{"line":61,"column":37}},"loc":{"start":{"line":61,"column":43},"end":{"line":61,"column":61}},"line":61}},"branchMap":{"0":{"loc":{"start":{"line":35,"column":2},"end":{"line":56,"column":3}},"type":"if","locations":[{"start":{"line":35,"column":2},"end":{"line":56,"column":3}},{"start":{"line":35,"column":2},"end":{"line":56,"column":3}}],"line":35},"1":{"loc":{"start":{"line":40,"column":5},"end":{"line":52,"column":6}},"type":"if","locations":[{"start":{"line":40,"column":5},"end":{"line":52,"column":6}},{"start":{"line":40,"column":5},"end":{"line":52,"column":6}}],"line":40},"2":{"loc":{"start":{"line":73,"column":6},"end":{"line":77,"column":6}},"type":"binary-expr","locations":[{"start":{"line":73,"column":6},"end":{"line":73,"column":15}},{"start":{"line":74,"column":6},"end":{"line":76,"column":12}}],"line":73}},"s":{"0":9,"1":9,"2":9,"3":0,"4":0,"5":0,"6":0,"7":0,"8":0,"9":0,"10":0,"11":0,"12":0,"13":0,"14":0,"15":0,"16":0,"17":0,"18":0,"19":0,"20":0,"21":0,"22":0,"23":0},"f":{"0":9,"1":0,"2":0,"3":0,"4":0,"5":0,"6":0,"7":0},"b":{"0":[0,0],"1":[0,0],"2":[0,0]},"_coverageSchema":"43e27e138ebf9cfc5966b082cf9a028302ed4184","hash":"f2e0462241f190fd33fe478695df2bfd0493c866"}
,"/home/adress/Documents/GitHub/tq/client/src/pages/main/Main-idx.tsx": {"path":"/home/adress/Documents/GitHub/tq/client/src/pages/main/Main-idx.tsx","statementMap":{"0":{"start":{"line":27,"column":33},"end":{"line":27,"column":45}},"1":{"start":{"line":28,"column":35},"end":{"line":28,"column":50}},"2":{"start":{"line":29,"column":43},"end":{"line":29,"column":58}},"3":{"start":{"line":30,"column":41},"end":{"line":30,"column":56}},"4":{"start":{"line":31,"column":43},"end":{"line":31,"column":58}},"5":{"start":{"line":32,"column":17},"end":{"line":32,"column":50}},"6":{"start":{"line":33,"column":16},"end":{"line":33,"column":45}},"7":{"start":{"line":34,"column":18},"end":{"line":34,"column":31}},"8":{"start":{"line":41,"column":5},"end":{"line":41,"column":28}},"9":{"start":{"line":43,"column":1},"end":{"line":47,"column":4}},"10":{"start":{"line":44,"column":2},"end":{"line":46,"column":5}},"11":{"start":{"line":45,"column":3},"end":{"line":45,"column":26}},"12":{"start":{"line":49,"column":26},"end":{"line":87,"column":2}},"13":{"start":{"line":50,"column":2},"end":{"line":50,"column":21}},"14":{"start":{"line":51,"column":18},"end":{"line":51,"column":26}},"15":{"start":{"line":52,"column":2},"end":{"line":52,"column":50}},"16":{"start":{"line":53,"column":2},"end":{"line":86,"column":5}},"17":{"start":{"line":54,"column":3},"end":{"line":63,"column":4}},"18":{"start":{"line":55,"column":4},"end":{"line":55,"column":52}},"19":{"start":{"line":56,"column":4},"end":{"line":59,"column":7}},"20":{"start":{"line":57,"column":5},"end":{"line":57,"column":46}},"21":{"start":{"line":58,"column":5},"end":{"line":58,"column":35}},"22":{"start":{"line":61,"column":4},"end":{"line":61,"column":56}},"23":{"start":{"line":62,"column":4},"end":{"line":62,"column":34}},"24":{"start":{"line":64,"column":3},"end":{"line":85,"column":6}},"25":{"start":{"line":70,"column":4},"end":{"line":72,"column":5}},"26":{"start":{"line":71,"column":5},"end":{"line":71,"column":14}},"27":{"start":{"line":73,"column":19},"end":{"line":73,"column":52}},"28":{"start":{"line":74,"column":19},"end":{"line":76,"column":5}},"29":{"start":{"line":77,"column":17},"end":{"line":80,"column":5}},"30":{"start":{"line":81,"column":17},"end":{"line":81,"column":32}},"31":{"start":{"line":82,"column":4},"end":{"line":84,"column":5}},"32":{"start":{"line":83,"column":5},"end":{"line":83,"column":35}},"33":{"start":{"line":89,"column":19},"end":{"line":92,"column":2}},"34":{"start":{"line":90,"column":10},"end":{"line":90,"column":20}},"35":{"start":{"line":91,"column":2},"end":{"line":91,"column":47}},"36":{"start":{"line":94,"column":27},"end":{"line":108,"column":2}},"37":{"start":{"line":95,"column":24},"end":{"line":95,"column":55}},"38":{"start":{"line":96,"column":23},"end":{"line":96,"column":36}},"39":{"start":{"line":97,"column":2},"end":{"line":97,"column":56}},"40":{"start":{"line":98,"column":2},"end":{"line":105,"column":4}},"41":{"start":{"line":106,"column":2},"end":{"line":106,"column":30}},"42":{"start":{"line":107,"column":2},"end":{"line":107,"column":35}},"43":{"start":{"line":110,"column":26},"end":{"line":113,"column":2}},"44":{"start":{"line":111,"column":2},"end":{"line":111,"column":62}},"45":{"start":{"line":112,"column":2},"end":{"line":112,"column":51}},"46":{"start":{"line":112,"column":26},"end":{"line":112,"column":51}},"47":{"start":{"line":115,"column":24},"end":{"line":121,"column":2}},"48":{"start":{"line":116,"column":2},"end":{"line":120,"column":3}},"49":{"start":{"line":117,"column":3},"end":{"line":119,"column":5}},"50":{"start":{"line":123,"column":1},"end":{"line":198,"column":3}},"51":{"start":{"line":136,"column":20},"end":{"line":136,"column":41}}},"fnMap":{"0":{"name":"Main","decl":{"start":{"line":26,"column":24},"end":{"line":26,"column":28}},"loc":{"start":{"line":26,"column":31},"end":{"line":199,"column":1}},"line":26},"1":{"name":"(anonymous_1)","decl":{"start":{"line":43,"column":11},"end":{"line":43,"column":12}},"loc":{"start":{"line":43,"column":17},"end":{"line":47,"column":2}},"line":43},"2":{"name":"(anonymous_2)","decl":{"start":{"line":44,"column":37},"end":{"line":44,"column":38}},"loc":{"start":{"line":44,"column":49},"end":{"line":46,"column":3}},"line":44},"3":{"name":"(anonymous_3)","decl":{"start":{"line":49,"column":26},"end":{"line":49,"column":27}},"loc":{"start":{"line":49,"column":61},"end":{"line":87,"column":2}},"line":49},"4":{"name":"(anonymous_4)","decl":{"start":{"line":53,"column":27},"end":{"line":53,"column":28}},"loc":{"start":{"line":53,"column":53},"end":{"line":86,"column":3}},"line":53},"5":{"name":"(anonymous_5)","decl":{"start":{"line":56,"column":25},"end":{"line":56,"column":26}},"loc":{"start":{"line":56,"column":51},"end":{"line":59,"column":5}},"line":56},"6":{"name":"(anonymous_6)","decl":{"start":{"line":64,"column":27},"end":{"line":64,"column":28}},"loc":{"start":{"line":69,"column":13},"end":{"line":85,"column":4}},"line":69},"7":{"name":"(anonymous_7)","decl":{"start":{"line":89,"column":19},"end":{"line":89,"column":20}},"loc":{"start":{"line":89,"column":44},"end":{"line":92,"column":2}},"line":89},"8":{"name":"(anonymous_8)","decl":{"start":{"line":94,"column":27},"end":{"line":94,"column":28}},"loc":{"start":{"line":94,"column":68},"end":{"line":108,"column":2}},"line":94},"9":{"name":"(anonymous_9)","decl":{"start":{"line":110,"column":26},"end":{"line":110,"column":27}},"loc":{"start":{"line":110,"column":66},"end":{"line":113,"column":2}},"line":110},"10":{"name":"(anonymous_10)","decl":{"start":{"line":115,"column":24},"end":{"line":115,"column":25}},"loc":{"start":{"line":115,"column":67},"end":{"line":121,"column":2}},"line":115},"11":{"name":"(anonymous_11)","decl":{"start":{"line":136,"column":14},"end":{"line":136,"column":15}},"loc":{"start":{"line":136,"column":20},"end":{"line":136,"column":41}},"line":136}},"branchMap":{"0":{"loc":{"start":{"line":54,"column":3},"end":{"line":63,"column":4}},"type":"if","locations":[{"start":{"line":54,"column":3},"end":{"line":63,"column":4}},{"start":{"line":54,"column":3},"end":{"line":63,"column":4}}],"line":54},"1":{"loc":{"start":{"line":70,"column":4},"end":{"line":72,"column":5}},"type":"if","locations":[{"start":{"line":70,"column":4},"end":{"line":72,"column":5}},{"start":{"line":70,"column":4},"end":{"line":72,"column":5}}],"line":70},"2":{"loc":{"start":{"line":73,"column":19},"end":{"line":73,"column":52}},"type":"cond-expr","locations":[{"start":{"line":73,"column":37},"end":{"line":73,"column":44}},{"start":{"line":73,"column":47},"end":{"line":73,"column":52}}],"line":73},"3":{"loc":{"start":{"line":82,"column":4},"end":{"line":84,"column":5}},"type":"if","locations":[{"start":{"line":82,"column":4},"end":{"line":84,"column":5}},{"start":{"line":82,"column":4},"end":{"line":84,"column":5}}],"line":82},"4":{"loc":{"start":{"line":97,"column":8},"end":{"line":97,"column":55}},"type":"cond-expr","locations":[{"start":{"line":97,"column":41},"end":{"line":97,"column":44}},{"start":{"line":97,"column":47},"end":{"line":97,"column":55}}],"line":97},"5":{"loc":{"start":{"line":100,"column":3},"end":{"line":104,"column":8}},"type":"cond-expr","locations":[{"start":{"line":103,"column":6},"end":{"line":103,"column":9}},{"start":{"line":104,"column":6},"end":{"line":104,"column":8}}],"line":100},"6":{"loc":{"start":{"line":100,"column":3},"end":{"line":102,"column":49}},"type":"binary-expr","locations":[{"start":{"line":100,"column":3},"end":{"line":100,"column":17}},{"start":{"line":101,"column":4},"end":{"line":101,"column":45}},{"start":{"line":102,"column":4},"end":{"line":102,"column":49}}],"line":100},"7":{"loc":{"start":{"line":111,"column":17},"end":{"line":111,"column":59}},"type":"binary-expr","locations":[{"start":{"line":111,"column":17},"end":{"line":111,"column":34}},{"start":{"line":111,"column":38},"end":{"line":111,"column":59}}],"line":111},"8":{"loc":{"start":{"line":112,"column":2},"end":{"line":112,"column":51}},"type":"if","locations":[{"start":{"line":112,"column":2},"end":{"line":112,"column":51}},{"start":{"line":112,"column":2},"end":{"line":112,"column":51}}],"line":112},"9":{"loc":{"start":{"line":116,"column":2},"end":{"line":120,"column":3}},"type":"if","locations":[{"start":{"line":116,"column":2},"end":{"line":120,"column":3}},{"start":{"line":116,"column":2},"end":{"line":120,"column":3}}],"line":116},"10":{"loc":{"start":{"line":132,"column":29},"end":{"line":132,"column":57}},"type":"cond-expr","locations":[{"start":{"line":132,"column":44},"end":{"line":132,"column":52}},{"start":{"line":132,"column":55},"end":{"line":132,"column":57}}],"line":132},"11":{"loc":{"start":{"line":141,"column":29},"end":{"line":141,"column":58}},"type":"cond-expr","locations":[{"start":{"line":141,"column":45},"end":{"line":141,"column":53}},{"start":{"line":141,"column":56},"end":{"line":141,"column":58}}],"line":141},"12":{"loc":{"start":{"line":144,"column":21},"end":{"line":144,"column":50}},"type":"cond-expr","locations":[{"start":{"line":144,"column":33},"end":{"line":144,"column":45}},{"start":{"line":144,"column":48},"end":{"line":144,"column":50}}],"line":144},"13":{"loc":{"start":{"line":147,"column":9},"end":{"line":149,"column":51}},"type":"cond-expr","locations":[{"start":{"line":148,"column":12},"end":{"line":148,"column":18}},{"start":{"line":149,"column":12},"end":{"line":149,"column":51}}],"line":147},"14":{"loc":{"start":{"line":160,"column":9},"end":{"line":160,"column":38}},"type":"cond-expr","locations":[{"start":{"line":160,"column":21},"end":{"line":160,"column":33}},{"start":{"line":160,"column":36},"end":{"line":160,"column":38}}],"line":160},"15":{"loc":{"start":{"line":162,"column":19},"end":{"line":162,"column":48}},"type":"cond-expr","locations":[{"start":{"line":162,"column":31},"end":{"line":162,"column":37}},{"start":{"line":162,"column":40},"end":{"line":162,"column":48}}],"line":162},"16":{"loc":{"start":{"line":172,"column":9},"end":{"line":172,"column":51}},"type":"cond-expr","locations":[{"start":{"line":172,"column":22},"end":{"line":172,"column":46}},{"start":{"line":172,"column":49},"end":{"line":172,"column":51}}],"line":172},"17":{"loc":{"start":{"line":176,"column":8},"end":{"line":180,"column":8}},"type":"binary-expr","locations":[{"start":{"line":176,"column":8},"end":{"line":176,"column":21}},{"start":{"line":177,"column":8},"end":{"line":179,"column":17}}],"line":176}},"s":{"0":198,"1":198,"2":198,"3":198,"4":198,"5":198,"6":198,"7":198,"8":198,"9":198,"10":59,"11":54,"12":198,"13":0,"14":0,"15":0,"16":0,"17":0,"18":0,"19":0,"20":0,"21":0,"22":0,"23":0,"24":0,"25":0,"26":0,"27":0,"28":0,"29":0,"30":0,"31":0,"32":0,"33":198,"34":35,"35":35,"36":198,"37":35,"38":35,"39":35,"40":35,"41":35,"42":35,"43":198,"44":4,"45":4,"46":4,"47":198,"48":35,"49":0,"50":198,"51":9},"f":{"0":198,"1":59,"2":54,"3":0,"4":0,"5":0,"6":0,"7":35,"8":35,"9":4,"10":35,"11":9},"b":{"0":[0,0],"1":[0,0],"2":[0,0],"3":[0,0],"4":[35,0],"5":[28,7],"6":[35,34,34],"7":[4,0],"8":[4,0],"9":[0,35],"10":[180,18],"11":[156,42],"12":[142,56],"13":[128,70],"14":[142,56],"15":[142,56],"16":[56,142],"17":[198,128]},"_coverageSchema":"43e27e138ebf9cfc5966b082cf9a028302ed4184","hash":"7a0cdb8b0ca332be9fe940680f096a00c6e2f3b9"}
}
