{"total": {"lines":{"total":411,"covered":167,"skipped":0,"pct":40.63},"statements":{"total":440,"covered":175,"skipped":0,"pct":39.77},"functions":{"total":122,"covered":47,"skipped":0,"pct":38.52},"branches":{"total":262,"covered":65,"skipped":0,"pct":24.81}}
,"/home/adress/Documents/GitHub/tq/client/src/App.tsx": {"lines":{"total":16,"covered":15,"skipped":0,"pct":93.75},"functions":{"total":5,"covered":4,"skipped":0,"pct":80},"statements":{"total":18,"covered":16,"skipped":0,"pct":88.89},"branches":{"total":10,"covered":5,"skipped":0,"pct":50}}
,"/home/adress/Documents/GitHub/tq/client/src/Routes.tsx": {"lines":{"total":15,"covered":14,"skipped":0,"pct":93.33},"functions":{"total":13,"covered":5,"skipped":0,"pct":38.46},"statements":{"total":25,"covered":17,"skipped":0,"pct":68},"branches":{"total":0,"covered":0,"skipped":0,"pct":100}}
,"/home/adress/Documents/GitHub/tq/client/src/index.tsx": {"lines":{"total":9,"covered":9,"skipped":0,"pct":100},"functions":{"total":1,"covered":1,"skipped":0,"pct":100},"statements":{"total":9,"covered":9,"skipped":0,"pct":100},"branches":{"total":2,"covered":1,"skipped":0,"pct":50}}
,"/home/adress/Documents/GitHub/tq/client/src/serviceWorker.ts": {"lines":{"total":39,"covered":3,"skipped":0,"pct":7.69},"functions":{"total":16,"covered":1,"skipped":0,"pct":6.25},"statements":{"total":39,"covered":3,"skipped":0,"pct":7.69},"branches":{"total":32,"covered":2,"skipped":0,"pct":6.25}}
,"/home/adress/Documents/GitHub/tq/client/src/HOCs/UnauthRoute.tsx": {"lines":{"total":3,"covered":3,"skipped":0,"pct":100},"functions":{"total":3,"covered":3,"skipped":0,"pct":100},"statements":{"total":4,"covered":4,"skipped":0,"pct":100},"branches":{"total":4,"covered":2,"skipped":0,"pct":50}}
,"/home/adress/Documents/GitHub/tq/client/src/components/authModal/AuthModal.tsx": {"lines":{"total":44,"covered":11,"skipped":0,"pct":25},"functions":{"total":11,"covered":1,"skipped":0,"pct":9.09},"statements":{"total":45,"covered":11,"skipped":0,"pct":24.44},"branches":{"total":48,"covered":1,"skipped":0,"pct":2.08}}
,"/home/adress/Documents/GitHub/tq/client/src/components/authModal/login/Login.tsx": {"lines":{"total":35,"covered":0,"skipped":0,"pct":0},"functions":{"total":6,"covered":0,"skipped":0,"pct":0},"statements":{"total":35,"covered":0,"skipped":0,"pct":0},"branches":{"total":6,"covered":0,"skipped":0,"pct":0}}
,"/home/adress/Documents/GitHub/tq/client/src/components/authModal/signup/Signup.tsx": {"lines":{"total":77,"covered":0,"skipped":0,"pct":0},"functions":{"total":17,"covered":0,"skipped":0,"pct":0},"statements":{"total":85,"covered":0,"skipped":0,"pct":0},"branches":{"total":61,"covered":0,"skipped":0,"pct":0}}
,"/home/adress/Documents/GitHub/tq/client/src/components/firstTimeHelpBox/FirstTimeHelpBox.tsx": {"lines":{"total":6,"covered":5,"skipped":0,"pct":83.33},"functions":{"total":2,"covered":2,"skipped":0,"pct":100},"statements":{"total":6,"covered":5,"skipped":0,"pct":83.33},"branches":{"total":8,"covered":6,"skipped":0,"pct":75}}
,"/home/adress/Documents/GitHub/tq/client/src/components/loader/Loader.tsx": {"lines":{"total":4,"covered":4,"skipped":0,"pct":100},"functions":{"total":2,"covered":2,"skipped":0,"pct":100},"statements":{"total":4,"covered":4,"skipped":0,"pct":100},"branches":{"total":4,"covered":1,"skipped":0,"pct":25}}
,"/home/adress/Documents/GitHub/tq/client/src/components/menu/Menu.tsx": {"lines":{"total":45,"covered":35,"skipped":0,"pct":77.78},"functions":{"total":14,"covered":9,"skipped":0,"pct":64.29},"statements":{"total":49,"covered":36,"skipped":0,"pct":73.47},"branches":{"total":28,"covered":12,"skipped":0,"pct":42.86}}
,"/home/adress/Documents/GitHub/tq/client/src/global/store.js": {"lines":{"total":5,"covered":5,"skipped":0,"pct":100},"functions":{"total":1,"covered":1,"skipped":0,"pct":100},"statements":{"total":5,"covered":5,"skipped":0,"pct":100},"branches":{"total":2,"covered":2,"skipped":0,"pct":100}}
,"/home/adress/Documents/GitHub/tq/client/src/global/context/InitContext.tsx": {"lines":{"total":20,"covered":17,"skipped":0,"pct":85},"functions":{"total":6,"covered":6,"skipped":0,"pct":100},"statements":{"total":20,"covered":17,"skipped":0,"pct":85},"branches":{"total":8,"covered":4,"skipped":0,"pct":50}}
,"/home/adress/Documents/GitHub/tq/client/src/global/ducks/authDucks.ts": {"lines":{"total":18,"covered":13,"skipped":0,"pct":72.22},"functions":{"total":5,"covered":3,"skipped":0,"pct":60},"statements":{"total":20,"covered":14,"skipped":0,"pct":70},"branches":{"total":6,"covered":4,"skipped":0,"pct":66.67}}
,"/home/adress/Documents/GitHub/tq/client/src/lang/en.ts": {"lines":{"total":0,"covered":0,"skipped":0,"pct":0},"functions":{"total":0,"covered":0,"skipped":0,"pct":0},"statements":{"total":0,"covered":0,"skipped":0,"pct":0},"branches":{"total":0,"covered":0,"skipped":0,"pct":0}}
,"/home/adress/Documents/GitHub/tq/client/src/lang/es.ts": {"lines":{"total":0,"covered":0,"skipped":0,"pct":0},"functions":{"total":0,"covered":0,"skipped":0,"pct":0},"statements":{"total":0,"covered":0,"skipped":0,"pct":0},"branches":{"total":0,"covered":0,"skipped":0,"pct":0}}
,"/home/adress/Documents/GitHub/tq/client/src/pages/authInTestMode/AuthInTestMode.tsx": {"lines":{"total":24,"covered":3,"skipped":0,"pct":12.5},"functions":{"total":8,"covered":1,"skipped":0,"pct":12.5},"statements":{"total":24,"covered":3,"skipped":0,"pct":12.5},"branches":{"total":6,"covered":0,"skipped":0,"pct":0}}
,"/home/adress/Documents/GitHub/tq/client/src/pages/main/Main-idx.tsx": {"lines":{"total":51,"covered":30,"skipped":0,"pct":58.82},"functions":{"total":12,"covered":8,"skipped":0,"pct":66.67},"statements":{"total":52,"covered":31,"skipped":0,"pct":59.62},"branches":{"total":37,"covered":25,"skipped":0,"pct":67.57}}
}
