TN:
SF:src/App.tsx
FN:7,(anonymous_0)
FN:11,(anonymous_1)
FN:13,App
FN:15,(anonymous_3)
FN:20,(anonymous_4)
FNF:5
FNH:4
FNDA:0,(anonymous_0)
FNDA:32,(anonymous_1)
FNDA:72,App
FNDA:90,(anonymous_3)
FNDA:18,(anonymous_4)
DA:7,9
DA:9,9
DA:11,32
DA:14,72
DA:15,90
DA:17,72
DA:18,72
DA:20,72
DA:21,18
DA:22,18
DA:25,72
DA:26,72
DA:27,32
DA:28,32
DA:39,40
DA:40,0
LF:16
LH:15
BRDA:21,0,0,18
BRDA:21,0,1,0
BRDA:25,1,0,72
BRDA:25,1,1,0
BRDA:26,2,0,32
BRDA:26,2,1,40
BRDA:30,3,0,32
BRDA:30,3,1,0
BRDA:32,4,0,0
BRDA:32,4,1,0
BRF:10
BRH:5
end_of_record
TN:
SF:src/Routes.tsx
FN:6,(anonymous_0)
FN:7,(anonymous_1)
FN:8,(anonymous_2)
FN:9,(anonymous_3)
FN:10,(anonymous_4)
FN:11,(anonymous_5)
FN:12,(anonymous_6)
FN:13,(anonymous_7)
FN:14,(anonymous_8)
FN:15,(anonymous_9)
FN:16,(anonymous_10)
FN:20,Routes
FN:30,(anonymous_12)
FNF:13
FNH:5
FNDA:0,(anonymous_0)
FNDA:9,(anonymous_1)
FNDA:9,(anonymous_2)
FNDA:0,(anonymous_3)
FNDA:9,(anonymous_4)
FNDA:0,(anonymous_5)
FNDA:0,(anonymous_6)
FNDA:0,(anonymous_7)
FNDA:0,(anonymous_8)
FNDA:0,(anonymous_9)
FNDA:0,(anonymous_10)
FNDA:32,Routes
FNDA:16,(anonymous_12)
DA:6,9
DA:7,9
DA:8,9
DA:9,9
DA:10,9
DA:11,9
DA:12,9
DA:13,9
DA:14,9
DA:15,9
DA:16,9
DA:17,0
DA:21,32
DA:23,32
DA:31,16
LF:15
LH:14
BRF:0
BRH:0
end_of_record
TN:
SF:src/index.tsx
FN:15,calcVH
FNF:1
FNH:1
FNDA:9,calcVH
DA:12,9
DA:14,9
DA:16,9
DA:20,9
DA:23,9
DA:24,9
DA:25,9
DA:27,9
DA:41,9
LF:9
LH:9
BRDA:18,0,0,9
BRDA:18,0,1,0
BRF:2
BRH:1
end_of_record
TN:
SF:src/serviceWorker.ts
FN:23,register
FN:34,(anonymous_1)
FN:43,(anonymous_2)
FN:57,registerValidSW
FN:60,(anonymous_4)
FN:61,(anonymous_5)
FN:66,(anonymous_6)
FN:96,(anonymous_7)
FN:101,checkValidServiceWorker
FN:106,(anonymous_9)
FN:114,(anonymous_10)
FN:115,(anonymous_11)
FN:124,(anonymous_12)
FN:131,unregister
FN:134,(anonymous_14)
FN:137,(anonymous_15)
FNF:16
FNH:1
FNDA:0,register
FNDA:0,(anonymous_1)
FNDA:0,(anonymous_2)
FNDA:0,registerValidSW
FNDA:0,(anonymous_4)
FNDA:0,(anonymous_5)
FNDA:0,(anonymous_6)
FNDA:0,(anonymous_7)
FNDA:0,checkValidServiceWorker
FNDA:0,(anonymous_9)
FNDA:0,(anonymous_10)
FNDA:0,(anonymous_11)
FNDA:0,(anonymous_12)
FNDA:9,unregister
FNDA:0,(anonymous_14)
FNDA:0,(anonymous_15)
DA:13,9
DA:24,0
DA:26,0
DA:27,0
DA:31,0
DA:34,0
DA:35,0
DA:37,0
DA:39,0
DA:43,0
DA:44,0
DA:51,0
DA:58,0
DA:61,0
DA:62,0
DA:63,0
DA:64,0
DA:66,0
DA:67,0
DA:68,0
DA:72,0
DA:78,0
DA:79,0
DA:85,0
DA:88,0
DA:89,0
DA:97,0
DA:103,0
DA:108,0
DA:109,0
DA:114,0
DA:115,0
DA:116,0
DA:121,0
DA:125,0
DA:132,9
DA:133,9
DA:135,0
DA:138,0
LF:39
LH:3
BRDA:14,0,0,9
BRDA:14,0,1,0
BRDA:14,0,2,0
BRDA:24,1,0,0
BRDA:24,1,1,0
BRDA:24,2,0,0
BRDA:24,2,1,0
BRDA:27,3,0,0
BRDA:27,3,1,0
BRDA:37,4,0,0
BRDA:37,4,1,0
BRDA:63,5,0,0
BRDA:63,5,1,0
BRDA:67,6,0,0
BRDA:67,6,1,0
BRDA:68,7,0,0
BRDA:68,7,1,0
BRDA:78,8,0,0
BRDA:78,8,1,0
BRDA:78,9,0,0
BRDA:78,9,1,0
BRDA:88,10,0,0
BRDA:88,10,1,0
BRDA:88,11,0,0
BRDA:88,11,1,0
BRDA:109,12,0,0
BRDA:109,12,1,0
BRDA:110,13,0,0
BRDA:110,13,1,0
BRDA:110,13,2,0
BRDA:132,14,0,9
BRDA:132,14,1,0
BRF:32
BRH:2
end_of_record
TN:
SF:src/HOCs/UnauthRoute.tsx
FN:7,(anonymous_0)
FN:10,(anonymous_1)
FN:17,(anonymous_2)
FNF:3
FNH:3
FNDA:18,(anonymous_0)
FNDA:27,(anonymous_1)
FNDA:9,(anonymous_2)
DA:10,27
DA:12,18
DA:18,9
LF:3
LH:3
BRDA:14,0,0,18
BRDA:14,0,1,0
BRDA:18,1,0,0
BRDA:18,1,1,9
BRF:4
BRH:2
end_of_record
TN:
SF:src/components/authModal/AuthModal.tsx
FN:18,AuthModal
FN:35,(anonymous_1)
FN:40,(anonymous_2)
FN:44,(anonymous_3)
FN:51,(anonymous_4)
FN:68,(anonymous_5)
FN:143,(anonymous_6)
FN:165,(anonymous_7)
FN:175,(anonymous_8)
FN:235,Signedup
FN:243,(anonymous_10)
FNF:11
FNH:1
FNDA:24,AuthModal
FNDA:0,(anonymous_1)
FNDA:0,(anonymous_2)
FNDA:0,(anonymous_3)
FNDA:0,(anonymous_4)
FNDA:0,(anonymous_5)
FNDA:0,(anonymous_6)
FNDA:0,(anonymous_7)
FNDA:0,(anonymous_8)
FNDA:0,Signedup
FNDA:0,(anonymous_10)
DA:26,24
DA:27,24
DA:28,24
DA:30,24
DA:31,24
DA:33,24
DA:35,24
DA:36,0
DA:37,0
DA:40,24
DA:41,0
DA:42,0
DA:43,0
DA:44,0
DA:45,0
DA:48,0
DA:51,24
DA:52,0
DA:53,0
DA:57,0
DA:58,0
DA:60,0
DA:61,0
DA:62,0
DA:63,0
DA:68,24
DA:69,0
DA:70,0
DA:71,0
DA:76,0
DA:77,0
DA:79,0
DA:80,0
DA:81,0
DA:82,0
DA:87,24
DA:144,0
DA:166,0
DA:176,0
DA:241,0
DA:243,0
DA:244,0
DA:245,0
DA:248,0
LF:44
LH:11
BRDA:37,0,0,0
BRDA:37,0,1,0
BRDA:37,1,0,0
BRDA:37,1,1,0
BRDA:42,2,0,0
BRDA:42,2,1,0
BRDA:52,3,0,0
BRDA:52,3,1,0
BRDA:57,4,0,0
BRDA:57,4,1,0
BRDA:70,5,0,0
BRDA:70,5,1,0
BRDA:76,6,0,0
BRDA:76,6,1,0
BRDA:89,7,0,24
BRDA:89,7,1,0
BRDA:92,8,0,0
BRDA:92,8,1,0
BRDA:98,9,0,0
BRDA:98,9,1,0
BRDA:100,10,0,0
BRDA:100,10,1,0
BRDA:102,11,0,0
BRDA:102,11,1,0
BRDA:105,12,0,0
BRDA:105,12,1,0
BRDA:107,13,0,0
BRDA:107,13,1,0
BRDA:111,14,0,0
BRDA:111,14,1,0
BRDA:120,15,0,0
BRDA:120,15,1,0
BRDA:153,16,0,0
BRDA:153,16,1,0
BRDA:184,17,0,0
BRDA:184,17,1,0
BRDA:204,18,0,0
BRDA:204,18,1,0
BRDA:204,19,0,0
BRDA:204,19,1,0
BRDA:206,20,0,0
BRDA:206,20,1,0
BRDA:206,21,0,0
BRDA:206,21,1,0
BRDA:211,22,0,0
BRDA:211,22,1,0
BRDA:216,23,0,0
BRDA:216,23,1,0
BRF:48
BRH:1
end_of_record
TN:
SF:src/components/authModal/login/Login.tsx
FN:11,Login
FN:32,(anonymous_1)
FN:35,(anonymous_2)
FN:40,(anonymous_3)
FN:45,(anonymous_4)
FN:79,(anonymous_5)
FNF:6
FNH:0
FNDA:0,Login
FNDA:0,(anonymous_1)
FNDA:0,(anonymous_2)
FNDA:0,(anonymous_3)
FNDA:0,(anonymous_4)
FNDA:0,(anonymous_5)
DA:21,0
DA:23,0
DA:28,0
DA:30,0
DA:32,0
DA:33,0
DA:34,0
DA:35,0
DA:36,0
DA:40,0
DA:41,0
DA:42,0
DA:45,0
DA:46,0
DA:47,0
DA:48,0
DA:49,0
DA:50,0
DA:51,0
DA:53,0
DA:56,0
DA:61,0
DA:62,0
DA:64,0
DA:65,0
DA:67,0
DA:68,0
DA:69,0
DA:70,0
DA:72,0
DA:75,0
DA:79,0
DA:80,0
DA:81,0
DA:84,0
LF:35
LH:0
BRDA:49,0,0,0
BRDA:49,0,1,0
BRDA:61,1,0,0
BRDA:61,1,1,0
BRDA:64,2,0,0
BRDA:64,2,1,0
BRF:6
BRH:0
end_of_record
TN:
SF:src/components/authModal/signup/Signup.tsx
FN:17,Signup
FN:61,(anonymous_1)
FN:66,(anonymous_2)
FN:77,(anonymous_3)
FN:88,(anonymous_4)
FN:95,(anonymous_5)
FN:99,(anonymous_6)
FN:116,(anonymous_7)
FN:126,(anonymous_8)
FN:138,(anonymous_9)
FN:142,(anonymous_10)
FN:152,(anonymous_11)
FN:169,(anonymous_12)
FN:173,(anonymous_13)
FN:292,FieldHelper
FN:299,(anonymous_15)
FN:314,(anonymous_16)
FNF:17
FNH:0
FNDA:0,Signup
FNDA:0,(anonymous_1)
FNDA:0,(anonymous_2)
FNDA:0,(anonymous_3)
FNDA:0,(anonymous_4)
FNDA:0,(anonymous_5)
FNDA:0,(anonymous_6)
FNDA:0,(anonymous_7)
FNDA:0,(anonymous_8)
FNDA:0,(anonymous_9)
FNDA:0,(anonymous_10)
FNDA:0,(anonymous_11)
FNDA:0,(anonymous_12)
FNDA:0,(anonymous_13)
FNDA:0,FieldHelper
FNDA:0,(anonymous_15)
FNDA:0,(anonymous_16)
DA:24,0
DA:57,0
DA:58,0
DA:59,0
DA:61,0
DA:62,0
DA:63,0
DA:66,0
DA:68,0
DA:70,0
DA:72,0
DA:73,0
DA:74,0
DA:77,0
DA:78,0
DA:80,0
DA:82,0
DA:83,0
DA:85,0
DA:88,0
DA:89,0
DA:90,0
DA:91,0
DA:93,0
DA:94,0
DA:95,0
DA:99,0
DA:100,0
DA:101,0
DA:103,0
DA:104,0
DA:106,0
DA:107,0
DA:109,0
DA:110,0
DA:112,0
DA:113,0
DA:115,0
DA:116,0
DA:126,0
DA:138,0
DA:139,0
DA:142,0
DA:143,0
DA:144,0
DA:145,0
DA:146,0
DA:149,0
DA:152,0
DA:153,0
DA:154,0
DA:155,0
DA:156,0
DA:157,0
DA:158,0
DA:160,0
DA:161,0
DA:162,0
DA:163,0
DA:165,0
DA:169,0
DA:170,0
DA:173,0
DA:174,0
DA:177,0
DA:293,0
DA:295,0
DA:299,0
DA:300,0
DA:302,0
DA:304,0
DA:306,0
DA:308,0
DA:310,0
DA:314,0
DA:315,0
DA:318,0
LF:77
LH:0
BRDA:72,0,0,0
BRDA:72,0,1,0
BRDA:72,1,0,0
BRDA:72,1,1,0
BRDA:73,2,0,0
BRDA:73,2,1,0
BRDA:82,3,0,0
BRDA:82,3,1,0
BRDA:83,4,0,0
BRDA:83,4,1,0
BRDA:94,5,0,0
BRDA:94,5,1,0
BRDA:101,6,0,0
BRDA:101,6,1,0
BRDA:101,6,2,0
BRDA:101,6,3,0
BRDA:145,7,0,0
BRDA:145,7,1,0
BRDA:154,8,0,0
BRDA:154,8,1,0
BRDA:189,9,0,0
BRDA:189,9,1,0
BRDA:191,10,0,0
BRDA:191,10,1,0
BRDA:193,11,0,0
BRDA:193,11,1,0
BRDA:201,12,0,0
BRDA:201,12,1,0
BRDA:201,12,2,0
BRDA:211,13,0,0
BRDA:211,13,1,0
BRDA:213,14,0,0
BRDA:213,14,1,0
BRDA:215,15,0,0
BRDA:215,15,1,0
BRDA:225,16,0,0
BRDA:225,16,1,0
BRDA:225,16,2,0
BRDA:235,17,0,0
BRDA:235,17,1,0
BRDA:237,18,0,0
BRDA:237,18,1,0
BRDA:239,19,0,0
BRDA:239,19,1,0
BRDA:247,20,0,0
BRDA:247,20,1,0
BRDA:247,20,2,0
BRDA:257,21,0,0
BRDA:257,21,1,0
BRDA:259,22,0,0
BRDA:259,22,1,0
BRDA:261,23,0,0
BRDA:261,23,1,0
BRDA:269,24,0,0
BRDA:269,24,1,0
BRDA:269,24,2,0
BRDA:300,25,0,0
BRDA:300,25,1,0
BRDA:300,25,2,0
BRDA:300,25,3,0
BRDA:300,25,4,0
BRF:61
BRH:0
end_of_record
TN:
SF:src/components/firstTimeHelpBox/FirstTimeHelpBox.tsx
FN:5,FirstTimeModal
FN:10,(anonymous_1)
FNF:2
FNH:2
FNDA:12,FirstTimeModal
FNDA:1,(anonymous_1)
DA:8,12
DA:10,12
DA:11,1
DA:12,1
DA:13,0
DA:16,12
LF:6
LH:5
BRDA:12,0,0,0
BRDA:12,0,1,1
BRDA:12,1,0,1
BRDA:12,1,1,0
BRDA:19,2,0,3
BRDA:19,2,1,9
BRDA:21,3,0,3
BRDA:21,3,1,9
BRF:8
BRH:6
end_of_record
TN:
SF:src/components/loader/Loader.tsx
FN:4,(anonymous_0)
FN:12,LoaderEye
FNF:2
FNH:2
FNDA:16,(anonymous_0)
FNDA:16,LoaderEye
DA:4,9
DA:5,16
DA:15,16
DA:16,16
LF:4
LH:4
BRDA:15,0,0,16
BRDA:15,0,1,0
BRDA:15,1,0,0
BRDA:15,1,1,0
BRF:4
BRH:1
end_of_record
TN:
SF:src/components/menu/Menu.tsx
FN:17,Menu
FN:25,(anonymous_1)
FN:30,(anonymous_2)
FN:34,(anonymous_3)
FN:37,(anonymous_4)
FN:40,(anonymous_5)
FN:48,(anonymous_6)
FN:49,(anonymous_7)
FN:60,(anonymous_8)
FN:63,(anonymous_9)
FN:66,(anonymous_10)
FN:70,(anonymous_11)
FN:75,(anonymous_12)
FN:80,(anonymous_13)
FNF:14
FNH:9
FNDA:24,Menu
FNDA:33,(anonymous_1)
FNDA:9,(anonymous_2)
FNDA:9,(anonymous_3)
FNDA:0,(anonymous_4)
FNDA:9,(anonymous_5)
FNDA:9,(anonymous_6)
FNDA:3,(anonymous_7)
FNDA:9,(anonymous_8)
FNDA:0,(anonymous_9)
FNDA:9,(anonymous_10)
FNDA:0,(anonymous_11)
FNDA:0,(anonymous_12)
FNDA:0,(anonymous_13)
DA:18,24
DA:19,24
DA:20,24
DA:21,24
DA:22,24
DA:23,24
DA:25,33
DA:26,24
DA:28,24
DA:30,24
DA:31,9
DA:34,24
DA:35,9
DA:36,9
DA:37,9
DA:40,24
DA:41,9
DA:42,9
DA:43,9
DA:44,0
DA:48,24
DA:49,9
DA:50,3
DA:51,3
DA:52,3
DA:53,3
DA:55,0
DA:60,24
DA:61,9
DA:62,9
DA:63,9
DA:66,24
DA:67,9
DA:70,24
DA:71,0
DA:72,0
DA:75,24
DA:76,0
DA:77,0
DA:80,24
DA:81,0
DA:82,0
DA:83,0
DA:84,0
DA:88,24
LF:45
LH:35
BRDA:42,0,0,9
BRDA:42,0,1,9
BRDA:43,1,0,0
BRDA:43,1,1,9
BRDA:50,2,0,3
BRDA:50,2,1,0
BRDA:71,3,0,0
BRDA:71,3,1,0
BRDA:82,4,0,0
BRDA:82,4,1,0
BRDA:92,5,0,0
BRDA:92,5,1,24
BRDA:97,6,0,0
BRDA:97,6,1,24
BRDA:97,7,0,24
BRDA:97,7,1,0
BRDA:103,8,0,0
BRDA:103,8,1,24
BRDA:109,9,0,0
BRDA:109,9,1,24
BRDA:110,10,0,24
BRDA:110,10,1,0
BRDA:131,11,0,0
BRDA:131,11,1,0
BRDA:139,12,0,0
BRDA:139,12,1,0
BRDA:165,13,0,24
BRDA:165,13,1,24
BRF:28
BRH:12
end_of_record
TN:
SF:src/global/store.js
FN:12,generateStore
FNF:1
FNH:1
FNDA:9,generateStore
DA:6,9
DA:8,9
DA:13,9
DA:17,9
DA:18,9
LF:5
LH:5
BRDA:6,0,0,9
BRDA:6,0,1,9
BRF:2
BRH:2
end_of_record
TN:
SF:src/global/context/InitContext.tsx
FN:32,reducer
FN:54,(anonymous_1)
FN:57,(anonymous_2)
FN:68,(anonymous_3)
FN:75,(anonymous_4)
FN:76,(anonymous_5)
FNF:6
FNH:6
FNDA:20,reducer
FNDA:54,(anonymous_1)
FNDA:9,(anonymous_2)
FNDA:9,(anonymous_3)
FNDA:9,(anonymous_4)
FNDA:9,(anonymous_5)
DA:18,9
DA:30,9
DA:33,20
DA:35,0
DA:40,9
DA:45,11
DA:50,0
DA:55,54
DA:57,54
DA:58,9
DA:59,9
DA:60,9
DA:62,0
DA:64,9
DA:68,54
DA:69,9
DA:75,54
DA:76,9
DA:77,9
DA:84,54
LF:20
LH:17
BRDA:33,0,0,0
BRDA:33,0,1,9
BRDA:33,0,2,11
BRDA:33,0,3,0
BRDA:60,1,0,0
BRDA:60,1,1,9
BRDA:84,2,0,54
BRDA:84,2,1,0
BRF:8
BRH:4
end_of_record
TN:
SF:src/global/ducks/authDucks.ts
FN:28,authReducer
FN:50,(anonymous_1)
FN:50,(anonymous_2)
FN:79,(anonymous_3)
FN:79,(anonymous_4)
FNF:5
FNH:3
FNDA:36,authReducer
FNDA:9,(anonymous_1)
FNDA:9,(anonymous_2)
FNDA:0,(anonymous_3)
FNDA:0,(anonymous_4)
DA:16,9
DA:24,9
DA:25,9
DA:29,36
DA:31,9
DA:39,0
DA:40,0
DA:45,27
DA:50,9
DA:51,9
DA:52,9
DA:53,9
DA:54,9
DA:55,9
DA:66,0
DA:67,0
DA:79,9
DA:80,0
LF:18
LH:13
BRDA:28,0,0,27
BRDA:29,1,0,9
BRDA:29,1,1,0
BRDA:29,1,2,27
BRDA:53,2,0,9
BRDA:53,2,1,0
BRF:6
BRH:4
end_of_record
TN:
SF:src/lang/en.ts
FNF:0
FNH:0
LF:0
LH:0
BRF:0
BRH:0
end_of_record
TN:
SF:src/lang/es.ts
FNF:0
FNH:0
LF:0
LH:0
BRF:0
BRH:0
end_of_record
TN:
SF:src/pages/authInTestMode/AuthInTestMode.tsx
FN:11,(anonymous_0)
FN:18,ValdTester
FN:22,(anonymous_2)
FN:23,(anonymous_3)
FN:32,(anonymous_4)
FN:36,(anonymous_5)
FN:38,(anonymous_6)
FN:61,(anonymous_7)
FNF:8
FNH:1
FNDA:9,(anonymous_0)
FNDA:0,ValdTester
FNDA:0,(anonymous_2)
FNDA:0,(anonymous_3)
FNDA:0,(anonymous_4)
FNDA:0,(anonymous_5)
FNDA:0,(anonymous_6)
FNDA:0,(anonymous_7)
DA:11,9
DA:12,9
DA:15,9
DA:19,0
DA:20,0
DA:22,0
DA:23,0
DA:24,0
DA:25,0
DA:32,0
DA:33,0
DA:34,0
DA:35,0
DA:36,0
DA:37,0
DA:38,0
DA:39,0
DA:40,0
DA:41,0
DA:42,0
DA:48,0
DA:53,0
DA:59,0
DA:61,0
LF:24
LH:3
BRDA:35,0,0,0
BRDA:35,0,1,0
BRDA:40,1,0,0
BRDA:40,1,1,0
BRDA:73,2,0,0
BRDA:73,2,1,0
BRF:6
BRH:0
end_of_record
TN:
SF:src/pages/main/Main-idx.tsx
FN:26,Main
FN:43,(anonymous_1)
FN:44,(anonymous_2)
FN:49,(anonymous_3)
FN:53,(anonymous_4)
FN:56,(anonymous_5)
FN:64,(anonymous_6)
FN:89,(anonymous_7)
FN:94,(anonymous_8)
FN:110,(anonymous_9)
FN:115,(anonymous_10)
FN:136,(anonymous_11)
FNF:12
FNH:8
FNDA:198,Main
FNDA:59,(anonymous_1)
FNDA:54,(anonymous_2)
FNDA:0,(anonymous_3)
FNDA:0,(anonymous_4)
FNDA:0,(anonymous_5)
FNDA:0,(anonymous_6)
FNDA:35,(anonymous_7)
FNDA:35,(anonymous_8)
FNDA:4,(anonymous_9)
FNDA:35,(anonymous_10)
FNDA:9,(anonymous_11)
DA:27,198
DA:28,198
DA:29,198
DA:30,198
DA:31,198
DA:32,198
DA:33,198
DA:34,198
DA:41,198
DA:43,198
DA:44,59
DA:45,54
DA:49,198
DA:50,0
DA:51,0
DA:52,0
DA:53,0
DA:54,0
DA:55,0
DA:56,0
DA:57,0
DA:58,0
DA:61,0
DA:62,0
DA:64,0
DA:70,0
DA:71,0
DA:73,0
DA:74,0
DA:77,0
DA:81,0
DA:82,0
DA:83,0
DA:89,198
DA:90,35
DA:91,35
DA:94,198
DA:95,35
DA:96,35
DA:97,35
DA:98,35
DA:106,35
DA:107,35
DA:110,198
DA:111,4
DA:112,4
DA:115,198
DA:116,35
DA:117,0
DA:123,198
DA:136,9
LF:51
LH:30
BRDA:54,0,0,0
BRDA:54,0,1,0
BRDA:70,1,0,0
BRDA:70,1,1,0
BRDA:73,2,0,0
BRDA:73,2,1,0
BRDA:82,3,0,0
BRDA:82,3,1,0
BRDA:97,4,0,35
BRDA:97,4,1,0
BRDA:100,5,0,28
BRDA:100,5,1,7
BRDA:100,6,0,35
BRDA:100,6,1,34
BRDA:100,6,2,34
BRDA:111,7,0,4
BRDA:111,7,1,0
BRDA:112,8,0,4
BRDA:112,8,1,0
BRDA:116,9,0,0
BRDA:116,9,1,35
BRDA:132,10,0,180
BRDA:132,10,1,18
BRDA:141,11,0,156
BRDA:141,11,1,42
BRDA:144,12,0,142
BRDA:144,12,1,56
BRDA:147,13,0,128
BRDA:147,13,1,70
BRDA:160,14,0,142
BRDA:160,14,1,56
BRDA:162,15,0,142
BRDA:162,15,1,56
BRDA:172,16,0,56
BRDA:172,16,1,142
BRDA:176,17,0,198
BRDA:176,17,1,128
BRF:37
BRH:25
end_of_record
